[WARN ] 2018-09-03 21:07:41,476 --main-- [io.elasticjob.lite.lifecycle.security.WwwAuthFilter] Cannot found auth config file, use default auth config. 
[WARN ] 2018-09-03 21:07:41,477 --main-- [io.elasticjob.lite.lifecycle.security.WwwAuthFilter] Cannot found auth config file, use default auth config. 
[WARN ] 2018-09-03 21:07:41,518 --main-- [org.eclipse.jetty.util.component.AbstractLifeCycle] FAILED SelectChannelConnector@0.0.0.0:8899: java.net.BindException: Address already in use 
java.net.BindException: Address already in use
	at sun.nio.ch.Net.bind0(Native Method) ~[na:1.8.0_181]
	at sun.nio.ch.Net.bind(Net.java:433) ~[na:1.8.0_181]
	at sun.nio.ch.Net.bind(Net.java:425) ~[na:1.8.0_181]
	at sun.nio.ch.ServerSocketChannelImpl.bind(ServerSocketChannelImpl.java:223) ~[na:1.8.0_181]
	at sun.nio.ch.ServerSocketAdaptor.bind(ServerSocketAdaptor.java:74) ~[na:1.8.0_181]
	at org.eclipse.jetty.server.nio.SelectChannelConnector.open(SelectChannelConnector.java:187) ~[jetty-all-server-8.1.19.v20160209.jar:8.1.19.v20160209]
	at org.eclipse.jetty.server.AbstractConnector.doStart(AbstractConnector.java:316) ~[jetty-all-server-8.1.19.v20160209.jar:8.1.19.v20160209]
	at org.eclipse.jetty.server.nio.SelectChannelConnector.doStart(SelectChannelConnector.java:265) ~[jetty-all-server-8.1.19.v20160209.jar:8.1.19.v20160209]
	at org.eclipse.jetty.util.component.AbstractLifeCycle.start(AbstractLifeCycle.java:64) [jetty-all-server-8.1.19.v20160209.jar:8.1.19.v20160209]
	at org.eclipse.jetty.server.Server.doStart(Server.java:293) [jetty-all-server-8.1.19.v20160209.jar:8.1.19.v20160209]
	at org.eclipse.jetty.util.component.AbstractLifeCycle.start(AbstractLifeCycle.java:64) [jetty-all-server-8.1.19.v20160209.jar:8.1.19.v20160209]
	at io.elasticjob.lite.lifecycle.restful.RestfulServer.start(RestfulServer.java:84) [classes/:na]
	at io.elasticjob.lite.lifecycle.restful.RestfulServer.start(RestfulServer.java:62) [classes/:na]
	at io.elasticjob.lite.console.ConsoleBootstrap.main(ConsoleBootstrap.java:61) [classes/:na]
[WARN ] 2018-09-03 21:07:41,518 --main-- [org.eclipse.jetty.util.component.AbstractLifeCycle] FAILED org.eclipse.jetty.server.Server@babafc2: java.net.BindException: Address already in use 
java.net.BindException: Address already in use
	at sun.nio.ch.Net.bind0(Native Method) ~[na:1.8.0_181]
	at sun.nio.ch.Net.bind(Net.java:433) ~[na:1.8.0_181]
	at sun.nio.ch.Net.bind(Net.java:425) ~[na:1.8.0_181]
	at sun.nio.ch.ServerSocketChannelImpl.bind(ServerSocketChannelImpl.java:223) ~[na:1.8.0_181]
	at sun.nio.ch.ServerSocketAdaptor.bind(ServerSocketAdaptor.java:74) ~[na:1.8.0_181]
	at org.eclipse.jetty.server.nio.SelectChannelConnector.open(SelectChannelConnector.java:187) ~[jetty-all-server-8.1.19.v20160209.jar:8.1.19.v20160209]
	at org.eclipse.jetty.server.AbstractConnector.doStart(AbstractConnector.java:316) ~[jetty-all-server-8.1.19.v20160209.jar:8.1.19.v20160209]
	at org.eclipse.jetty.server.nio.SelectChannelConnector.doStart(SelectChannelConnector.java:265) ~[jetty-all-server-8.1.19.v20160209.jar:8.1.19.v20160209]
	at org.eclipse.jetty.util.component.AbstractLifeCycle.start(AbstractLifeCycle.java:64) ~[jetty-all-server-8.1.19.v20160209.jar:8.1.19.v20160209]
	at org.eclipse.jetty.server.Server.doStart(Server.java:293) ~[jetty-all-server-8.1.19.v20160209.jar:8.1.19.v20160209]
	at org.eclipse.jetty.util.component.AbstractLifeCycle.start(AbstractLifeCycle.java:64) ~[jetty-all-server-8.1.19.v20160209.jar:8.1.19.v20160209]
	at io.elasticjob.lite.lifecycle.restful.RestfulServer.start(RestfulServer.java:84) [classes/:na]
	at io.elasticjob.lite.lifecycle.restful.RestfulServer.start(RestfulServer.java:62) [classes/:na]
	at io.elasticjob.lite.console.ConsoleBootstrap.main(ConsoleBootstrap.java:61) [classes/:na]
[WARN ] 2018-09-03 21:10:14,002 --main-- [io.elasticjob.lite.lifecycle.security.WwwAuthFilter] Cannot found auth config file, use default auth config. 
[WARN ] 2018-09-03 21:10:14,003 --main-- [io.elasticjob.lite.lifecycle.security.WwwAuthFilter] Cannot found auth config file, use default auth config. 
[WARN ] 2018-09-03 21:14:05,476 --main-- [io.elasticjob.lite.lifecycle.security.WwwAuthFilter] Cannot found auth config file, use default auth config. 
[WARN ] 2018-09-03 21:14:05,477 --main-- [io.elasticjob.lite.lifecycle.security.WwwAuthFilter] Cannot found auth config file, use default auth config. 
[WARN ] 2018-09-03 21:15:01,306 --main-- [io.elasticjob.lite.lifecycle.security.WwwAuthFilter] Cannot found auth config file, use default auth config. 
[WARN ] 2018-09-03 21:15:01,306 --main-- [io.elasticjob.lite.lifecycle.security.WwwAuthFilter] Cannot found auth config file, use default auth config. 
[WARN ] 2018-09-03 21:19:27,720 --main-- [io.elasticjob.lite.lifecycle.security.WwwAuthFilter] Cannot found auth config file, use default auth config. 
[WARN ] 2018-09-03 21:19:27,720 --main-- [io.elasticjob.lite.lifecycle.security.WwwAuthFilter] Cannot found auth config file, use default auth config. 
[WARN ] 2018-09-03 21:21:59,034 --main-- [io.elasticjob.lite.lifecycle.security.WwwAuthFilter] Cannot found auth config file, use default auth config. 
[WARN ] 2018-09-03 21:21:59,034 --main-- [io.elasticjob.lite.lifecycle.security.WwwAuthFilter] Cannot found auth config file, use default auth config. 
[ERROR] 2018-09-03 22:08:07,566 --qtp1016363973-22-- [io.elasticjob.lite.event.rdb.JobEventRdbSearch] Fetch JobExecutionEvent from DB error: 
com.mysql.jdbc.exceptions.jdbc4.MySQLSyntaxErrorException: Unknown column 'duration' in 'field list'
	at sun.reflect.NativeConstructorAccessorImpl.newInstance0(Native Method) ~[na:1.8.0_181]
	at sun.reflect.NativeConstructorAccessorImpl.newInstance(NativeConstructorAccessorImpl.java:62) ~[na:1.8.0_181]
	at sun.reflect.DelegatingConstructorAccessorImpl.newInstance(DelegatingConstructorAccessorImpl.java:45) ~[na:1.8.0_181]
	at java.lang.reflect.Constructor.newInstance(Constructor.java:423) ~[na:1.8.0_181]
	at com.mysql.jdbc.Util.handleNewInstance(Util.java:409) ~[mysql-connector-java-5.1.30.jar:na]
	at com.mysql.jdbc.Util.getInstance(Util.java:384) ~[mysql-connector-java-5.1.30.jar:na]
	at com.mysql.jdbc.SQLError.createSQLException(SQLError.java:1052) ~[mysql-connector-java-5.1.30.jar:na]
	at com.mysql.jdbc.MysqlIO.checkErrorPacket(MysqlIO.java:4232) ~[mysql-connector-java-5.1.30.jar:na]
	at com.mysql.jdbc.MysqlIO.checkErrorPacket(MysqlIO.java:4164) ~[mysql-connector-java-5.1.30.jar:na]
	at com.mysql.jdbc.MysqlIO.sendCommand(MysqlIO.java:2615) ~[mysql-connector-java-5.1.30.jar:na]
	at com.mysql.jdbc.MysqlIO.sqlQueryDirect(MysqlIO.java:2776) ~[mysql-connector-java-5.1.30.jar:na]
	at com.mysql.jdbc.ConnectionImpl.execSQL(ConnectionImpl.java:2838) ~[mysql-connector-java-5.1.30.jar:na]
	at com.mysql.jdbc.PreparedStatement.executeInternal(PreparedStatement.java:2082) ~[mysql-connector-java-5.1.30.jar:na]
	at com.mysql.jdbc.PreparedStatement.executeQuery(PreparedStatement.java:2212) ~[mysql-connector-java-5.1.30.jar:na]
	at org.apache.commons.dbcp.DelegatingPreparedStatement.executeQuery(DelegatingPreparedStatement.java:96) ~[commons-dbcp-1.4.jar:1.4]
	at org.apache.commons.dbcp.DelegatingPreparedStatement.executeQuery(DelegatingPreparedStatement.java:96) ~[commons-dbcp-1.4.jar:1.4]
	at io.elasticjob.lite.event.rdb.JobEventRdbSearch.getJobExecutionEvents(JobEventRdbSearch.java:91) [classes/:na]
	at io.elasticjob.lite.event.rdb.JobEventRdbSearch.findJobExecutionEvents(JobEventRdbSearch.java:73) [classes/:na]
	at io.elasticjob.lite.console.restful.EventTraceHistoryRestfulApi.findJobExecutionEvents(EventTraceHistoryRestfulApi.java:73) [classes/:na]
	at sun.reflect.GeneratedMethodAccessor11.invoke(Unknown Source) ~[na:na]
	at sun.reflect.DelegatingMethodAccessorImpl.invoke(DelegatingMethodAccessorImpl.java:43) ~[na:1.8.0_181]
	at java.lang.reflect.Method.invoke(Method.java:498) ~[na:1.8.0_181]
	at com.sun.jersey.spi.container.JavaMethodInvokerFactory$1.invoke(JavaMethodInvokerFactory.java:60) [jersey-server-1.19.jar:1.19]
	at com.sun.jersey.server.impl.model.method.dispatch.AbstractResourceMethodDispatchProvider$TypeOutInvoker._dispatch(AbstractResourceMethodDispatchProvider.java:185) [jersey-server-1.19.jar:1.19]
	at com.sun.jersey.server.impl.model.method.dispatch.ResourceJavaMethodDispatcher.dispatch(ResourceJavaMethodDispatcher.java:75) [jersey-server-1.19.jar:1.19]
	at com.sun.jersey.server.impl.uri.rules.HttpMethodRule.accept(HttpMethodRule.java:302) [jersey-server-1.19.jar:1.19]
	at com.sun.jersey.server.impl.uri.rules.RightHandPathRule.accept(RightHandPathRule.java:147) [jersey-server-1.19.jar:1.19]
	at com.sun.jersey.server.impl.uri.rules.ResourceClassRule.accept(ResourceClassRule.java:108) [jersey-server-1.19.jar:1.19]
	at com.sun.jersey.server.impl.uri.rules.RightHandPathRule.accept(RightHandPathRule.java:147) [jersey-server-1.19.jar:1.19]
	at com.sun.jersey.server.impl.uri.rules.RootResourceClassesRule.accept(RootResourceClassesRule.java:84) [jersey-server-1.19.jar:1.19]
	at com.sun.jersey.server.impl.application.WebApplicationImpl._handleRequest(WebApplicationImpl.java:1542) [jersey-server-1.19.jar:1.19]
	at com.sun.jersey.server.impl.application.WebApplicationImpl._handleRequest(WebApplicationImpl.java:1473) [jersey-server-1.19.jar:1.19]
	at com.sun.jersey.server.impl.application.WebApplicationImpl.handleRequest(WebApplicationImpl.java:1419) [jersey-server-1.19.jar:1.19]
	at com.sun.jersey.server.impl.application.WebApplicationImpl.handleRequest(WebApplicationImpl.java:1409) [jersey-server-1.19.jar:1.19]
	at com.sun.jersey.spi.container.servlet.WebComponent.service(WebComponent.java:409) [jersey-servlet-1.19.jar:1.19]
	at com.sun.jersey.spi.container.servlet.ServletContainer.service(ServletContainer.java:558) [jersey-servlet-1.19.jar:1.19]
	at com.sun.jersey.spi.container.servlet.ServletContainer.service(ServletContainer.java:733) [jersey-servlet-1.19.jar:1.19]
	at javax.servlet.http.HttpServlet.service(HttpServlet.java:848) [javax.servlet-3.0.0.v201112011016.jar:na]
	at org.eclipse.jetty.servlet.ServletHolder.handle(ServletHolder.java:684) [jetty-all-server-8.1.19.v20160209.jar:8.1.19.v20160209]
	at org.eclipse.jetty.servlet.ServletHandler.doHandle(ServletHandler.java:501) [jetty-all-server-8.1.19.v20160209.jar:8.1.19.v20160209]
	at org.eclipse.jetty.server.session.SessionHandler.doHandle(SessionHandler.java:229) [jetty-all-server-8.1.19.v20160209.jar:8.1.19.v20160209]
	at org.eclipse.jetty.server.handler.ContextHandler.doHandle(ContextHandler.java:1086) [jetty-all-server-8.1.19.v20160209.jar:8.1.19.v20160209]
	at org.eclipse.jetty.servlet.ServletHandler.doScope(ServletHandler.java:427) [jetty-all-server-8.1.19.v20160209.jar:8.1.19.v20160209]
	at org.eclipse.jetty.server.session.SessionHandler.doScope(SessionHandler.java:193) [jetty-all-server-8.1.19.v20160209.jar:8.1.19.v20160209]
	at org.eclipse.jetty.server.handler.ContextHandler.doScope(ContextHandler.java:1020) [jetty-all-server-8.1.19.v20160209.jar:8.1.19.v20160209]
	at org.eclipse.jetty.server.handler.ScopedHandler.handle(ScopedHandler.java:135) [jetty-all-server-8.1.19.v20160209.jar:8.1.19.v20160209]
	at org.eclipse.jetty.server.handler.HandlerList.handle(HandlerList.java:52) [jetty-all-server-8.1.19.v20160209.jar:8.1.19.v20160209]
	at org.eclipse.jetty.server.handler.HandlerWrapper.handle(HandlerWrapper.java:116) [jetty-all-server-8.1.19.v20160209.jar:8.1.19.v20160209]
	at org.eclipse.jetty.server.Server.handle(Server.java:370) [jetty-all-server-8.1.19.v20160209.jar:8.1.19.v20160209]
	at org.eclipse.jetty.server.AbstractHttpConnection.handleRequest(AbstractHttpConnection.java:494) [jetty-all-server-8.1.19.v20160209.jar:8.1.19.v20160209]
	at org.eclipse.jetty.server.AbstractHttpConnection.headerComplete(AbstractHttpConnection.java:973) [jetty-all-server-8.1.19.v20160209.jar:8.1.19.v20160209]
	at org.eclipse.jetty.server.AbstractHttpConnection$RequestHandler.headerComplete(AbstractHttpConnection.java:1035) [jetty-all-server-8.1.19.v20160209.jar:8.1.19.v20160209]
	at org.eclipse.jetty.http.HttpParser.parseNext(HttpParser.java:641) [jetty-all-server-8.1.19.v20160209.jar:8.1.19.v20160209]
	at org.eclipse.jetty.http.HttpParser.parseAvailable(HttpParser.java:231) [jetty-all-server-8.1.19.v20160209.jar:8.1.19.v20160209]
	at org.eclipse.jetty.server.AsyncHttpConnection.handle(AsyncHttpConnection.java:82) [jetty-all-server-8.1.19.v20160209.jar:8.1.19.v20160209]
	at org.eclipse.jetty.io.nio.SelectChannelEndPoint.handle(SelectChannelEndPoint.java:696) [jetty-all-server-8.1.19.v20160209.jar:8.1.19.v20160209]
	at org.eclipse.jetty.io.nio.SelectChannelEndPoint$1.run(SelectChannelEndPoint.java:53) [jetty-all-server-8.1.19.v20160209.jar:8.1.19.v20160209]
	at org.eclipse.jetty.util.thread.QueuedThreadPool.runJob(QueuedThreadPool.java:608) [jetty-all-server-8.1.19.v20160209.jar:8.1.19.v20160209]
	at org.eclipse.jetty.util.thread.QueuedThreadPool$3.run(QueuedThreadPool.java:543) [jetty-all-server-8.1.19.v20160209.jar:8.1.19.v20160209]
	at java.lang.Thread.run(Thread.java:748) [na:1.8.0_181]
[ERROR] 2018-09-03 22:08:13,099 --qtp1016363973-22-- [io.elasticjob.lite.event.rdb.JobEventRdbSearch] Fetch JobExecutionEvent from DB error: 
com.mysql.jdbc.exceptions.jdbc4.MySQLSyntaxErrorException: Unknown column 'duration' in 'field list'
	at sun.reflect.NativeConstructorAccessorImpl.newInstance0(Native Method) ~[na:1.8.0_181]
	at sun.reflect.NativeConstructorAccessorImpl.newInstance(NativeConstructorAccessorImpl.java:62) ~[na:1.8.0_181]
	at sun.reflect.DelegatingConstructorAccessorImpl.newInstance(DelegatingConstructorAccessorImpl.java:45) ~[na:1.8.0_181]
	at java.lang.reflect.Constructor.newInstance(Constructor.java:423) ~[na:1.8.0_181]
	at com.mysql.jdbc.Util.handleNewInstance(Util.java:409) ~[mysql-connector-java-5.1.30.jar:na]
	at com.mysql.jdbc.Util.getInstance(Util.java:384) ~[mysql-connector-java-5.1.30.jar:na]
	at com.mysql.jdbc.SQLError.createSQLException(SQLError.java:1052) ~[mysql-connector-java-5.1.30.jar:na]
	at com.mysql.jdbc.MysqlIO.checkErrorPacket(MysqlIO.java:4232) ~[mysql-connector-java-5.1.30.jar:na]
	at com.mysql.jdbc.MysqlIO.checkErrorPacket(MysqlIO.java:4164) ~[mysql-connector-java-5.1.30.jar:na]
	at com.mysql.jdbc.MysqlIO.sendCommand(MysqlIO.java:2615) ~[mysql-connector-java-5.1.30.jar:na]
	at com.mysql.jdbc.MysqlIO.sqlQueryDirect(MysqlIO.java:2776) ~[mysql-connector-java-5.1.30.jar:na]
	at com.mysql.jdbc.ConnectionImpl.execSQL(ConnectionImpl.java:2838) ~[mysql-connector-java-5.1.30.jar:na]
	at com.mysql.jdbc.PreparedStatement.executeInternal(PreparedStatement.java:2082) ~[mysql-connector-java-5.1.30.jar:na]
	at com.mysql.jdbc.PreparedStatement.executeQuery(PreparedStatement.java:2212) ~[mysql-connector-java-5.1.30.jar:na]
	at org.apache.commons.dbcp.DelegatingPreparedStatement.executeQuery(DelegatingPreparedStatement.java:96) ~[commons-dbcp-1.4.jar:1.4]
	at org.apache.commons.dbcp.DelegatingPreparedStatement.executeQuery(DelegatingPreparedStatement.java:96) ~[commons-dbcp-1.4.jar:1.4]
	at io.elasticjob.lite.event.rdb.JobEventRdbSearch.getJobExecutionEvents(JobEventRdbSearch.java:91) [classes/:na]
	at io.elasticjob.lite.event.rdb.JobEventRdbSearch.findJobExecutionEvents(JobEventRdbSearch.java:73) [classes/:na]
	at io.elasticjob.lite.console.restful.EventTraceHistoryRestfulApi.findJobExecutionEvents(EventTraceHistoryRestfulApi.java:73) [classes/:na]
	at sun.reflect.GeneratedMethodAccessor11.invoke(Unknown Source) ~[na:na]
	at sun.reflect.DelegatingMethodAccessorImpl.invoke(DelegatingMethodAccessorImpl.java:43) ~[na:1.8.0_181]
	at java.lang.reflect.Method.invoke(Method.java:498) ~[na:1.8.0_181]
	at com.sun.jersey.spi.container.JavaMethodInvokerFactory$1.invoke(JavaMethodInvokerFactory.java:60) [jersey-server-1.19.jar:1.19]
	at com.sun.jersey.server.impl.model.method.dispatch.AbstractResourceMethodDispatchProvider$TypeOutInvoker._dispatch(AbstractResourceMethodDispatchProvider.java:185) [jersey-server-1.19.jar:1.19]
	at com.sun.jersey.server.impl.model.method.dispatch.ResourceJavaMethodDispatcher.dispatch(ResourceJavaMethodDispatcher.java:75) [jersey-server-1.19.jar:1.19]
	at com.sun.jersey.server.impl.uri.rules.HttpMethodRule.accept(HttpMethodRule.java:302) [jersey-server-1.19.jar:1.19]
	at com.sun.jersey.server.impl.uri.rules.RightHandPathRule.accept(RightHandPathRule.java:147) [jersey-server-1.19.jar:1.19]
	at com.sun.jersey.server.impl.uri.rules.ResourceClassRule.accept(ResourceClassRule.java:108) [jersey-server-1.19.jar:1.19]
	at com.sun.jersey.server.impl.uri.rules.RightHandPathRule.accept(RightHandPathRule.java:147) [jersey-server-1.19.jar:1.19]
	at com.sun.jersey.server.impl.uri.rules.RootResourceClassesRule.accept(RootResourceClassesRule.java:84) [jersey-server-1.19.jar:1.19]
	at com.sun.jersey.server.impl.application.WebApplicationImpl._handleRequest(WebApplicationImpl.java:1542) [jersey-server-1.19.jar:1.19]
	at com.sun.jersey.server.impl.application.WebApplicationImpl._handleRequest(WebApplicationImpl.java:1473) [jersey-server-1.19.jar:1.19]
	at com.sun.jersey.server.impl.application.WebApplicationImpl.handleRequest(WebApplicationImpl.java:1419) [jersey-server-1.19.jar:1.19]
	at com.sun.jersey.server.impl.application.WebApplicationImpl.handleRequest(WebApplicationImpl.java:1409) [jersey-server-1.19.jar:1.19]
	at com.sun.jersey.spi.container.servlet.WebComponent.service(WebComponent.java:409) [jersey-servlet-1.19.jar:1.19]
	at com.sun.jersey.spi.container.servlet.ServletContainer.service(ServletContainer.java:558) [jersey-servlet-1.19.jar:1.19]
	at com.sun.jersey.spi.container.servlet.ServletContainer.service(ServletContainer.java:733) [jersey-servlet-1.19.jar:1.19]
	at javax.servlet.http.HttpServlet.service(HttpServlet.java:848) [javax.servlet-3.0.0.v201112011016.jar:na]
	at org.eclipse.jetty.servlet.ServletHolder.handle(ServletHolder.java:684) [jetty-all-server-8.1.19.v20160209.jar:8.1.19.v20160209]
	at org.eclipse.jetty.servlet.ServletHandler.doHandle(ServletHandler.java:501) [jetty-all-server-8.1.19.v20160209.jar:8.1.19.v20160209]
	at org.eclipse.jetty.server.session.SessionHandler.doHandle(SessionHandler.java:229) [jetty-all-server-8.1.19.v20160209.jar:8.1.19.v20160209]
	at org.eclipse.jetty.server.handler.ContextHandler.doHandle(ContextHandler.java:1086) [jetty-all-server-8.1.19.v20160209.jar:8.1.19.v20160209]
	at org.eclipse.jetty.servlet.ServletHandler.doScope(ServletHandler.java:427) [jetty-all-server-8.1.19.v20160209.jar:8.1.19.v20160209]
	at org.eclipse.jetty.server.session.SessionHandler.doScope(SessionHandler.java:193) [jetty-all-server-8.1.19.v20160209.jar:8.1.19.v20160209]
	at org.eclipse.jetty.server.handler.ContextHandler.doScope(ContextHandler.java:1020) [jetty-all-server-8.1.19.v20160209.jar:8.1.19.v20160209]
	at org.eclipse.jetty.server.handler.ScopedHandler.handle(ScopedHandler.java:135) [jetty-all-server-8.1.19.v20160209.jar:8.1.19.v20160209]
	at org.eclipse.jetty.server.handler.HandlerList.handle(HandlerList.java:52) [jetty-all-server-8.1.19.v20160209.jar:8.1.19.v20160209]
	at org.eclipse.jetty.server.handler.HandlerWrapper.handle(HandlerWrapper.java:116) [jetty-all-server-8.1.19.v20160209.jar:8.1.19.v20160209]
	at org.eclipse.jetty.server.Server.handle(Server.java:370) [jetty-all-server-8.1.19.v20160209.jar:8.1.19.v20160209]
	at org.eclipse.jetty.server.AbstractHttpConnection.handleRequest(AbstractHttpConnection.java:494) [jetty-all-server-8.1.19.v20160209.jar:8.1.19.v20160209]
	at org.eclipse.jetty.server.AbstractHttpConnection.headerComplete(AbstractHttpConnection.java:973) [jetty-all-server-8.1.19.v20160209.jar:8.1.19.v20160209]
	at org.eclipse.jetty.server.AbstractHttpConnection$RequestHandler.headerComplete(AbstractHttpConnection.java:1035) [jetty-all-server-8.1.19.v20160209.jar:8.1.19.v20160209]
	at org.eclipse.jetty.http.HttpParser.parseNext(HttpParser.java:641) [jetty-all-server-8.1.19.v20160209.jar:8.1.19.v20160209]
	at org.eclipse.jetty.http.HttpParser.parseAvailable(HttpParser.java:231) [jetty-all-server-8.1.19.v20160209.jar:8.1.19.v20160209]
	at org.eclipse.jetty.server.AsyncHttpConnection.handle(AsyncHttpConnection.java:82) [jetty-all-server-8.1.19.v20160209.jar:8.1.19.v20160209]
	at org.eclipse.jetty.io.nio.SelectChannelEndPoint.handle(SelectChannelEndPoint.java:696) [jetty-all-server-8.1.19.v20160209.jar:8.1.19.v20160209]
	at org.eclipse.jetty.io.nio.SelectChannelEndPoint$1.run(SelectChannelEndPoint.java:53) [jetty-all-server-8.1.19.v20160209.jar:8.1.19.v20160209]
	at org.eclipse.jetty.util.thread.QueuedThreadPool.runJob(QueuedThreadPool.java:608) [jetty-all-server-8.1.19.v20160209.jar:8.1.19.v20160209]
	at org.eclipse.jetty.util.thread.QueuedThreadPool$3.run(QueuedThreadPool.java:543) [jetty-all-server-8.1.19.v20160209.jar:8.1.19.v20160209]
	at java.lang.Thread.run(Thread.java:748) [na:1.8.0_181]
[WARN ] 2018-09-03 23:02:05,763 --qtp1016363973-23-EventThread-- [org.apache.curator.ConnectionState] Session expired event received 
[WARN ] 2018-09-03 23:02:06,464 --qtp1016363973-23-EventThread-- [org.apache.curator.ConnectionState] Session expired event received 
