[WARN ] 2018-09-04 00:13:41,129 --qtp1016363973-23-EventThread-- [org.apache.curator.ConnectionState] Session expired event received 
[WARN ] 2018-09-04 00:13:41,580 --qtp1016363973-23-EventThread-- [org.apache.curator.ConnectionState] Session expired event received 
[WARN ] 2018-09-04 02:14:31,203 --qtp1016363973-23-EventThread-- [org.apache.curator.ConnectionState] Session expired event received 
[WARN ] 2018-09-04 02:14:31,531 --qtp1016363973-23-EventThread-- [org.apache.curator.ConnectionState] Session expired event received 
[WARN ] 2018-09-04 03:43:29,882 --qtp1016363973-23-EventThread-- [org.apache.curator.ConnectionState] Session expired event received 
[WARN ] 2018-09-04 03:43:30,301 --qtp1016363973-23-EventThread-- [org.apache.curator.ConnectionState] Session expired event received 
[WARN ] 2018-09-04 05:44:21,440 --qtp1016363973-23-EventThread-- [org.apache.curator.ConnectionState] Session expired event received 
[WARN ] 2018-09-04 05:44:21,488 --qtp1016363973-23-EventThread-- [org.apache.curator.ConnectionState] Session expired event received 
[WARN ] 2018-09-04 07:45:11,882 --qtp1016363973-23-EventThread-- [org.apache.curator.ConnectionState] Session expired event received 
[WARN ] 2018-09-04 07:45:11,919 --qtp1016363973-23-EventThread-- [org.apache.curator.ConnectionState] Session expired event received 
[WARN ] 2018-09-04 09:21:21,368 --qtp1016363973-23-EventThread-- [org.apache.curator.ConnectionState] Session expired event received 
[WARN ] 2018-09-04 09:21:21,531 --qtp1016363973-23-EventThread-- [org.apache.curator.ConnectionState] Session expired event received 
[WARN ] 2018-09-04 09:23:13,465 --qtp1016363973-23-EventThread-- [org.apache.curator.ConnectionState] Session expired event received 
[WARN ] 2018-09-04 09:23:13,549 --qtp1016363973-23-EventThread-- [org.apache.curator.ConnectionState] Session expired event received 
[WARN ] 2018-09-04 09:27:41,695 --qtp1016363973-23-EventThread-- [org.apache.curator.ConnectionState] Session expired event received 
[WARN ] 2018-09-04 09:27:42,521 --qtp1016363973-23-EventThread-- [org.apache.curator.ConnectionState] Session expired event received 
[WARN ] 2018-09-04 10:01:47,170 --qtp1016363973-23-EventThread-- [org.apache.curator.ConnectionState] Session expired event received 
[WARN ] 2018-09-04 10:01:47,312 --qtp1016363973-23-EventThread-- [org.apache.curator.ConnectionState] Session expired event received 
[WARN ] 2018-09-04 11:38:10,862 --qtp1016363973-23-EventThread-- [org.apache.curator.ConnectionState] Session expired event received 
[WARN ] 2018-09-04 11:38:11,141 --qtp1016363973-23-EventThread-- [org.apache.curator.ConnectionState] Session expired event received 
[WARN ] 2018-09-04 13:29:08,168 --qtp1016363973-23-EventThread-- [org.apache.curator.ConnectionState] Session expired event received 
[WARN ] 2018-09-04 13:29:08,291 --qtp1016363973-23-EventThread-- [org.apache.curator.ConnectionState] Session expired event received 
[WARN ] 2018-09-04 14:13:32,004 --qtp1016363973-23-EventThread-- [org.apache.curator.ConnectionState] Session expired event received 
[WARN ] 2018-09-04 14:13:32,705 --qtp1016363973-23-EventThread-- [org.apache.curator.ConnectionState] Session expired event received 
[WARN ] 2018-09-04 14:17:41,429 --qtp1016363973-23-EventThread-- [org.apache.curator.ConnectionState] Session expired event received 
[WARN ] 2018-09-04 14:17:41,654 --qtp1016363973-23-EventThread-- [org.apache.curator.ConnectionState] Session expired event received 
[WARN ] 2018-09-04 15:56:03,557 --qtp1016363973-23-EventThread-- [org.apache.curator.ConnectionState] Session expired event received 
[WARN ] 2018-09-04 15:56:03,727 --qtp1016363973-23-EventThread-- [org.apache.curator.ConnectionState] Session expired event received 
[WARN ] 2018-09-04 16:22:00,898 --qtp1016363973-23-EventThread-- [org.apache.curator.ConnectionState] Session expired event received 
[WARN ] 2018-09-04 16:22:01,259 --qtp1016363973-23-EventThread-- [org.apache.curator.ConnectionState] Session expired event received 
[ERROR] 2018-09-04 16:46:27,383 --qtp1016363973-17-- [io.elasticjob.lite.event.rdb.JobEventRdbSearch] Fetch JobExecutionEvent from DB error: 
com.mysql.jdbc.exceptions.jdbc4.MySQLSyntaxErrorException: Unknown column 'duration' in 'field list'
	at sun.reflect.NativeConstructorAccessorImpl.newInstance0(Native Method) ~[na:1.8.0_181]
	at sun.reflect.NativeConstructorAccessorImpl.newInstance(NativeConstructorAccessorImpl.java:62) ~[na:1.8.0_181]
	at sun.reflect.DelegatingConstructorAccessorImpl.newInstance(DelegatingConstructorAccessorImpl.java:45) ~[na:1.8.0_181]
	at java.lang.reflect.Constructor.newInstance(Constructor.java:423) ~[na:1.8.0_181]
	at com.mysql.jdbc.Util.handleNewInstance(Util.java:409) ~[mysql-connector-java-5.1.30.jar:na]
	at com.mysql.jdbc.Util.getInstance(Util.java:384) ~[mysql-connector-java-5.1.30.jar:na]
	at com.mysql.jdbc.SQLError.createSQLException(SQLError.java:1052) ~[mysql-connector-java-5.1.30.jar:na]
	at com.mysql.jdbc.MysqlIO.checkErrorPacket(MysqlIO.java:4232) ~[mysql-connector-java-5.1.30.jar:na]
	at com.mysql.jdbc.MysqlIO.checkErrorPacket(MysqlIO.java:4164) ~[mysql-connector-java-5.1.30.jar:na]
	at com.mysql.jdbc.MysqlIO.sendCommand(MysqlIO.java:2615) ~[mysql-connector-java-5.1.30.jar:na]
	at com.mysql.jdbc.MysqlIO.sqlQueryDirect(MysqlIO.java:2776) ~[mysql-connector-java-5.1.30.jar:na]
	at com.mysql.jdbc.ConnectionImpl.execSQL(ConnectionImpl.java:2838) ~[mysql-connector-java-5.1.30.jar:na]
	at com.mysql.jdbc.PreparedStatement.executeInternal(PreparedStatement.java:2082) ~[mysql-connector-java-5.1.30.jar:na]
	at com.mysql.jdbc.PreparedStatement.executeQuery(PreparedStatement.java:2212) ~[mysql-connector-java-5.1.30.jar:na]
	at org.apache.commons.dbcp.DelegatingPreparedStatement.executeQuery(DelegatingPreparedStatement.java:96) ~[commons-dbcp-1.4.jar:1.4]
	at org.apache.commons.dbcp.DelegatingPreparedStatement.executeQuery(DelegatingPreparedStatement.java:96) ~[commons-dbcp-1.4.jar:1.4]
	at io.elasticjob.lite.event.rdb.JobEventRdbSearch.getJobExecutionEvents(JobEventRdbSearch.java:91) [classes/:na]
	at io.elasticjob.lite.event.rdb.JobEventRdbSearch.findJobExecutionEvents(JobEventRdbSearch.java:73) [classes/:na]
	at io.elasticjob.lite.console.restful.EventTraceHistoryRestfulApi.findJobExecutionEvents(EventTraceHistoryRestfulApi.java:73) [classes/:na]
	at sun.reflect.GeneratedMethodAccessor11.invoke(Unknown Source) ~[na:na]
	at sun.reflect.DelegatingMethodAccessorImpl.invoke(DelegatingMethodAccessorImpl.java:43) ~[na:1.8.0_181]
	at java.lang.reflect.Method.invoke(Method.java:498) ~[na:1.8.0_181]
	at com.sun.jersey.spi.container.JavaMethodInvokerFactory$1.invoke(JavaMethodInvokerFactory.java:60) [jersey-server-1.19.jar:1.19]
	at com.sun.jersey.server.impl.model.method.dispatch.AbstractResourceMethodDispatchProvider$TypeOutInvoker._dispatch(AbstractResourceMethodDispatchProvider.java:185) [jersey-server-1.19.jar:1.19]
	at com.sun.jersey.server.impl.model.method.dispatch.ResourceJavaMethodDispatcher.dispatch(ResourceJavaMethodDispatcher.java:75) [jersey-server-1.19.jar:1.19]
	at com.sun.jersey.server.impl.uri.rules.HttpMethodRule.accept(HttpMethodRule.java:302) [jersey-server-1.19.jar:1.19]
	at com.sun.jersey.server.impl.uri.rules.RightHandPathRule.accept(RightHandPathRule.java:147) [jersey-server-1.19.jar:1.19]
	at com.sun.jersey.server.impl.uri.rules.ResourceClassRule.accept(ResourceClassRule.java:108) [jersey-server-1.19.jar:1.19]
	at com.sun.jersey.server.impl.uri.rules.RightHandPathRule.accept(RightHandPathRule.java:147) [jersey-server-1.19.jar:1.19]
	at com.sun.jersey.server.impl.uri.rules.RootResourceClassesRule.accept(RootResourceClassesRule.java:84) [jersey-server-1.19.jar:1.19]
	at com.sun.jersey.server.impl.application.WebApplicationImpl._handleRequest(WebApplicationImpl.java:1542) [jersey-server-1.19.jar:1.19]
	at com.sun.jersey.server.impl.application.WebApplicationImpl._handleRequest(WebApplicationImpl.java:1473) [jersey-server-1.19.jar:1.19]
	at com.sun.jersey.server.impl.application.WebApplicationImpl.handleRequest(WebApplicationImpl.java:1419) [jersey-server-1.19.jar:1.19]
	at com.sun.jersey.server.impl.application.WebApplicationImpl.handleRequest(WebApplicationImpl.java:1409) [jersey-server-1.19.jar:1.19]
	at com.sun.jersey.spi.container.servlet.WebComponent.service(WebComponent.java:409) [jersey-servlet-1.19.jar:1.19]
	at com.sun.jersey.spi.container.servlet.ServletContainer.service(ServletContainer.java:558) [jersey-servlet-1.19.jar:1.19]
	at com.sun.jersey.spi.container.servlet.ServletContainer.service(ServletContainer.java:733) [jersey-servlet-1.19.jar:1.19]
	at javax.servlet.http.HttpServlet.service(HttpServlet.java:848) [javax.servlet-3.0.0.v201112011016.jar:na]
	at org.eclipse.jetty.servlet.ServletHolder.handle(ServletHolder.java:684) [jetty-all-server-8.1.19.v20160209.jar:8.1.19.v20160209]
	at org.eclipse.jetty.servlet.ServletHandler.doHandle(ServletHandler.java:501) [jetty-all-server-8.1.19.v20160209.jar:8.1.19.v20160209]
	at org.eclipse.jetty.server.session.SessionHandler.doHandle(SessionHandler.java:229) [jetty-all-server-8.1.19.v20160209.jar:8.1.19.v20160209]
	at org.eclipse.jetty.server.handler.ContextHandler.doHandle(ContextHandler.java:1086) [jetty-all-server-8.1.19.v20160209.jar:8.1.19.v20160209]
	at org.eclipse.jetty.servlet.ServletHandler.doScope(ServletHandler.java:427) [jetty-all-server-8.1.19.v20160209.jar:8.1.19.v20160209]
	at org.eclipse.jetty.server.session.SessionHandler.doScope(SessionHandler.java:193) [jetty-all-server-8.1.19.v20160209.jar:8.1.19.v20160209]
	at org.eclipse.jetty.server.handler.ContextHandler.doScope(ContextHandler.java:1020) [jetty-all-server-8.1.19.v20160209.jar:8.1.19.v20160209]
	at org.eclipse.jetty.server.handler.ScopedHandler.handle(ScopedHandler.java:135) [jetty-all-server-8.1.19.v20160209.jar:8.1.19.v20160209]
	at org.eclipse.jetty.server.handler.HandlerList.handle(HandlerList.java:52) [jetty-all-server-8.1.19.v20160209.jar:8.1.19.v20160209]
	at org.eclipse.jetty.server.handler.HandlerWrapper.handle(HandlerWrapper.java:116) [jetty-all-server-8.1.19.v20160209.jar:8.1.19.v20160209]
	at org.eclipse.jetty.server.Server.handle(Server.java:370) [jetty-all-server-8.1.19.v20160209.jar:8.1.19.v20160209]
	at org.eclipse.jetty.server.AbstractHttpConnection.handleRequest(AbstractHttpConnection.java:494) [jetty-all-server-8.1.19.v20160209.jar:8.1.19.v20160209]
	at org.eclipse.jetty.server.AbstractHttpConnection.headerComplete(AbstractHttpConnection.java:973) [jetty-all-server-8.1.19.v20160209.jar:8.1.19.v20160209]
	at org.eclipse.jetty.server.AbstractHttpConnection$RequestHandler.headerComplete(AbstractHttpConnection.java:1035) [jetty-all-server-8.1.19.v20160209.jar:8.1.19.v20160209]
	at org.eclipse.jetty.http.HttpParser.parseNext(HttpParser.java:641) [jetty-all-server-8.1.19.v20160209.jar:8.1.19.v20160209]
	at org.eclipse.jetty.http.HttpParser.parseAvailable(HttpParser.java:231) [jetty-all-server-8.1.19.v20160209.jar:8.1.19.v20160209]
	at org.eclipse.jetty.server.AsyncHttpConnection.handle(AsyncHttpConnection.java:82) [jetty-all-server-8.1.19.v20160209.jar:8.1.19.v20160209]
	at org.eclipse.jetty.io.nio.SelectChannelEndPoint.handle(SelectChannelEndPoint.java:696) [jetty-all-server-8.1.19.v20160209.jar:8.1.19.v20160209]
	at org.eclipse.jetty.io.nio.SelectChannelEndPoint$1.run(SelectChannelEndPoint.java:53) [jetty-all-server-8.1.19.v20160209.jar:8.1.19.v20160209]
	at org.eclipse.jetty.util.thread.QueuedThreadPool.runJob(QueuedThreadPool.java:608) [jetty-all-server-8.1.19.v20160209.jar:8.1.19.v20160209]
	at org.eclipse.jetty.util.thread.QueuedThreadPool$3.run(QueuedThreadPool.java:543) [jetty-all-server-8.1.19.v20160209.jar:8.1.19.v20160209]
	at java.lang.Thread.run(Thread.java:748) [na:1.8.0_181]
[ERROR] 2018-09-04 16:46:28,585 --qtp1016363973-17-- [io.elasticjob.lite.event.rdb.JobEventRdbSearch] Fetch JobExecutionEvent from DB error: 
com.mysql.jdbc.exceptions.jdbc4.MySQLSyntaxErrorException: Unknown column 'duration' in 'field list'
	at sun.reflect.NativeConstructorAccessorImpl.newInstance0(Native Method) ~[na:1.8.0_181]
	at sun.reflect.NativeConstructorAccessorImpl.newInstance(NativeConstructorAccessorImpl.java:62) ~[na:1.8.0_181]
	at sun.reflect.DelegatingConstructorAccessorImpl.newInstance(DelegatingConstructorAccessorImpl.java:45) ~[na:1.8.0_181]
	at java.lang.reflect.Constructor.newInstance(Constructor.java:423) ~[na:1.8.0_181]
	at com.mysql.jdbc.Util.handleNewInstance(Util.java:409) ~[mysql-connector-java-5.1.30.jar:na]
	at com.mysql.jdbc.Util.getInstance(Util.java:384) ~[mysql-connector-java-5.1.30.jar:na]
	at com.mysql.jdbc.SQLError.createSQLException(SQLError.java:1052) ~[mysql-connector-java-5.1.30.jar:na]
	at com.mysql.jdbc.MysqlIO.checkErrorPacket(MysqlIO.java:4232) ~[mysql-connector-java-5.1.30.jar:na]
	at com.mysql.jdbc.MysqlIO.checkErrorPacket(MysqlIO.java:4164) ~[mysql-connector-java-5.1.30.jar:na]
	at com.mysql.jdbc.MysqlIO.sendCommand(MysqlIO.java:2615) ~[mysql-connector-java-5.1.30.jar:na]
	at com.mysql.jdbc.MysqlIO.sqlQueryDirect(MysqlIO.java:2776) ~[mysql-connector-java-5.1.30.jar:na]
	at com.mysql.jdbc.ConnectionImpl.execSQL(ConnectionImpl.java:2838) ~[mysql-connector-java-5.1.30.jar:na]
	at com.mysql.jdbc.PreparedStatement.executeInternal(PreparedStatement.java:2082) ~[mysql-connector-java-5.1.30.jar:na]
	at com.mysql.jdbc.PreparedStatement.executeQuery(PreparedStatement.java:2212) ~[mysql-connector-java-5.1.30.jar:na]
	at org.apache.commons.dbcp.DelegatingPreparedStatement.executeQuery(DelegatingPreparedStatement.java:96) ~[commons-dbcp-1.4.jar:1.4]
	at org.apache.commons.dbcp.DelegatingPreparedStatement.executeQuery(DelegatingPreparedStatement.java:96) ~[commons-dbcp-1.4.jar:1.4]
	at io.elasticjob.lite.event.rdb.JobEventRdbSearch.getJobExecutionEvents(JobEventRdbSearch.java:91) [classes/:na]
	at io.elasticjob.lite.event.rdb.JobEventRdbSearch.findJobExecutionEvents(JobEventRdbSearch.java:73) [classes/:na]
	at io.elasticjob.lite.console.restful.EventTraceHistoryRestfulApi.findJobExecutionEvents(EventTraceHistoryRestfulApi.java:73) [classes/:na]
	at sun.reflect.GeneratedMethodAccessor11.invoke(Unknown Source) ~[na:na]
	at sun.reflect.DelegatingMethodAccessorImpl.invoke(DelegatingMethodAccessorImpl.java:43) ~[na:1.8.0_181]
	at java.lang.reflect.Method.invoke(Method.java:498) ~[na:1.8.0_181]
	at com.sun.jersey.spi.container.JavaMethodInvokerFactory$1.invoke(JavaMethodInvokerFactory.java:60) [jersey-server-1.19.jar:1.19]
	at com.sun.jersey.server.impl.model.method.dispatch.AbstractResourceMethodDispatchProvider$TypeOutInvoker._dispatch(AbstractResourceMethodDispatchProvider.java:185) [jersey-server-1.19.jar:1.19]
	at com.sun.jersey.server.impl.model.method.dispatch.ResourceJavaMethodDispatcher.dispatch(ResourceJavaMethodDispatcher.java:75) [jersey-server-1.19.jar:1.19]
	at com.sun.jersey.server.impl.uri.rules.HttpMethodRule.accept(HttpMethodRule.java:302) [jersey-server-1.19.jar:1.19]
	at com.sun.jersey.server.impl.uri.rules.RightHandPathRule.accept(RightHandPathRule.java:147) [jersey-server-1.19.jar:1.19]
	at com.sun.jersey.server.impl.uri.rules.ResourceClassRule.accept(ResourceClassRule.java:108) [jersey-server-1.19.jar:1.19]
	at com.sun.jersey.server.impl.uri.rules.RightHandPathRule.accept(RightHandPathRule.java:147) [jersey-server-1.19.jar:1.19]
	at com.sun.jersey.server.impl.uri.rules.RootResourceClassesRule.accept(RootResourceClassesRule.java:84) [jersey-server-1.19.jar:1.19]
	at com.sun.jersey.server.impl.application.WebApplicationImpl._handleRequest(WebApplicationImpl.java:1542) [jersey-server-1.19.jar:1.19]
	at com.sun.jersey.server.impl.application.WebApplicationImpl._handleRequest(WebApplicationImpl.java:1473) [jersey-server-1.19.jar:1.19]
	at com.sun.jersey.server.impl.application.WebApplicationImpl.handleRequest(WebApplicationImpl.java:1419) [jersey-server-1.19.jar:1.19]
	at com.sun.jersey.server.impl.application.WebApplicationImpl.handleRequest(WebApplicationImpl.java:1409) [jersey-server-1.19.jar:1.19]
	at com.sun.jersey.spi.container.servlet.WebComponent.service(WebComponent.java:409) [jersey-servlet-1.19.jar:1.19]
	at com.sun.jersey.spi.container.servlet.ServletContainer.service(ServletContainer.java:558) [jersey-servlet-1.19.jar:1.19]
	at com.sun.jersey.spi.container.servlet.ServletContainer.service(ServletContainer.java:733) [jersey-servlet-1.19.jar:1.19]
	at javax.servlet.http.HttpServlet.service(HttpServlet.java:848) [javax.servlet-3.0.0.v201112011016.jar:na]
	at org.eclipse.jetty.servlet.ServletHolder.handle(ServletHolder.java:684) [jetty-all-server-8.1.19.v20160209.jar:8.1.19.v20160209]
	at org.eclipse.jetty.servlet.ServletHandler.doHandle(ServletHandler.java:501) [jetty-all-server-8.1.19.v20160209.jar:8.1.19.v20160209]
	at org.eclipse.jetty.server.session.SessionHandler.doHandle(SessionHandler.java:229) [jetty-all-server-8.1.19.v20160209.jar:8.1.19.v20160209]
	at org.eclipse.jetty.server.handler.ContextHandler.doHandle(ContextHandler.java:1086) [jetty-all-server-8.1.19.v20160209.jar:8.1.19.v20160209]
	at org.eclipse.jetty.servlet.ServletHandler.doScope(ServletHandler.java:427) [jetty-all-server-8.1.19.v20160209.jar:8.1.19.v20160209]
	at org.eclipse.jetty.server.session.SessionHandler.doScope(SessionHandler.java:193) [jetty-all-server-8.1.19.v20160209.jar:8.1.19.v20160209]
	at org.eclipse.jetty.server.handler.ContextHandler.doScope(ContextHandler.java:1020) [jetty-all-server-8.1.19.v20160209.jar:8.1.19.v20160209]
	at org.eclipse.jetty.server.handler.ScopedHandler.handle(ScopedHandler.java:135) [jetty-all-server-8.1.19.v20160209.jar:8.1.19.v20160209]
	at org.eclipse.jetty.server.handler.HandlerList.handle(HandlerList.java:52) [jetty-all-server-8.1.19.v20160209.jar:8.1.19.v20160209]
	at org.eclipse.jetty.server.handler.HandlerWrapper.handle(HandlerWrapper.java:116) [jetty-all-server-8.1.19.v20160209.jar:8.1.19.v20160209]
	at org.eclipse.jetty.server.Server.handle(Server.java:370) [jetty-all-server-8.1.19.v20160209.jar:8.1.19.v20160209]
	at org.eclipse.jetty.server.AbstractHttpConnection.handleRequest(AbstractHttpConnection.java:494) [jetty-all-server-8.1.19.v20160209.jar:8.1.19.v20160209]
	at org.eclipse.jetty.server.AbstractHttpConnection.headerComplete(AbstractHttpConnection.java:973) [jetty-all-server-8.1.19.v20160209.jar:8.1.19.v20160209]
	at org.eclipse.jetty.server.AbstractHttpConnection$RequestHandler.headerComplete(AbstractHttpConnection.java:1035) [jetty-all-server-8.1.19.v20160209.jar:8.1.19.v20160209]
	at org.eclipse.jetty.http.HttpParser.parseNext(HttpParser.java:641) [jetty-all-server-8.1.19.v20160209.jar:8.1.19.v20160209]
	at org.eclipse.jetty.http.HttpParser.parseAvailable(HttpParser.java:231) [jetty-all-server-8.1.19.v20160209.jar:8.1.19.v20160209]
	at org.eclipse.jetty.server.AsyncHttpConnection.handle(AsyncHttpConnection.java:82) [jetty-all-server-8.1.19.v20160209.jar:8.1.19.v20160209]
	at org.eclipse.jetty.io.nio.SelectChannelEndPoint.handle(SelectChannelEndPoint.java:696) [jetty-all-server-8.1.19.v20160209.jar:8.1.19.v20160209]
	at org.eclipse.jetty.io.nio.SelectChannelEndPoint$1.run(SelectChannelEndPoint.java:53) [jetty-all-server-8.1.19.v20160209.jar:8.1.19.v20160209]
	at org.eclipse.jetty.util.thread.QueuedThreadPool.runJob(QueuedThreadPool.java:608) [jetty-all-server-8.1.19.v20160209.jar:8.1.19.v20160209]
	at org.eclipse.jetty.util.thread.QueuedThreadPool$3.run(QueuedThreadPool.java:543) [jetty-all-server-8.1.19.v20160209.jar:8.1.19.v20160209]
	at java.lang.Thread.run(Thread.java:748) [na:1.8.0_181]
[ERROR] 2018-09-04 16:46:29,667 --qtp1016363973-21-- [io.elasticjob.lite.event.rdb.JobEventRdbSearch] Fetch JobExecutionEvent from DB error: 
com.mysql.jdbc.exceptions.jdbc4.MySQLSyntaxErrorException: Unknown column 'duration' in 'field list'
	at sun.reflect.NativeConstructorAccessorImpl.newInstance0(Native Method) ~[na:1.8.0_181]
	at sun.reflect.NativeConstructorAccessorImpl.newInstance(NativeConstructorAccessorImpl.java:62) ~[na:1.8.0_181]
	at sun.reflect.DelegatingConstructorAccessorImpl.newInstance(DelegatingConstructorAccessorImpl.java:45) ~[na:1.8.0_181]
	at java.lang.reflect.Constructor.newInstance(Constructor.java:423) ~[na:1.8.0_181]
	at com.mysql.jdbc.Util.handleNewInstance(Util.java:409) ~[mysql-connector-java-5.1.30.jar:na]
	at com.mysql.jdbc.Util.getInstance(Util.java:384) ~[mysql-connector-java-5.1.30.jar:na]
	at com.mysql.jdbc.SQLError.createSQLException(SQLError.java:1052) ~[mysql-connector-java-5.1.30.jar:na]
	at com.mysql.jdbc.MysqlIO.checkErrorPacket(MysqlIO.java:4232) ~[mysql-connector-java-5.1.30.jar:na]
	at com.mysql.jdbc.MysqlIO.checkErrorPacket(MysqlIO.java:4164) ~[mysql-connector-java-5.1.30.jar:na]
	at com.mysql.jdbc.MysqlIO.sendCommand(MysqlIO.java:2615) ~[mysql-connector-java-5.1.30.jar:na]
	at com.mysql.jdbc.MysqlIO.sqlQueryDirect(MysqlIO.java:2776) ~[mysql-connector-java-5.1.30.jar:na]
	at com.mysql.jdbc.ConnectionImpl.execSQL(ConnectionImpl.java:2838) ~[mysql-connector-java-5.1.30.jar:na]
	at com.mysql.jdbc.PreparedStatement.executeInternal(PreparedStatement.java:2082) ~[mysql-connector-java-5.1.30.jar:na]
	at com.mysql.jdbc.PreparedStatement.executeQuery(PreparedStatement.java:2212) ~[mysql-connector-java-5.1.30.jar:na]
	at org.apache.commons.dbcp.DelegatingPreparedStatement.executeQuery(DelegatingPreparedStatement.java:96) ~[commons-dbcp-1.4.jar:1.4]
	at org.apache.commons.dbcp.DelegatingPreparedStatement.executeQuery(DelegatingPreparedStatement.java:96) ~[commons-dbcp-1.4.jar:1.4]
	at io.elasticjob.lite.event.rdb.JobEventRdbSearch.getJobExecutionEvents(JobEventRdbSearch.java:91) [classes/:na]
	at io.elasticjob.lite.event.rdb.JobEventRdbSearch.findJobExecutionEvents(JobEventRdbSearch.java:73) [classes/:na]
	at io.elasticjob.lite.console.restful.EventTraceHistoryRestfulApi.findJobExecutionEvents(EventTraceHistoryRestfulApi.java:73) [classes/:na]
	at sun.reflect.GeneratedMethodAccessor11.invoke(Unknown Source) ~[na:na]
	at sun.reflect.DelegatingMethodAccessorImpl.invoke(DelegatingMethodAccessorImpl.java:43) ~[na:1.8.0_181]
	at java.lang.reflect.Method.invoke(Method.java:498) ~[na:1.8.0_181]
	at com.sun.jersey.spi.container.JavaMethodInvokerFactory$1.invoke(JavaMethodInvokerFactory.java:60) [jersey-server-1.19.jar:1.19]
	at com.sun.jersey.server.impl.model.method.dispatch.AbstractResourceMethodDispatchProvider$TypeOutInvoker._dispatch(AbstractResourceMethodDispatchProvider.java:185) [jersey-server-1.19.jar:1.19]
	at com.sun.jersey.server.impl.model.method.dispatch.ResourceJavaMethodDispatcher.dispatch(ResourceJavaMethodDispatcher.java:75) [jersey-server-1.19.jar:1.19]
	at com.sun.jersey.server.impl.uri.rules.HttpMethodRule.accept(HttpMethodRule.java:302) [jersey-server-1.19.jar:1.19]
	at com.sun.jersey.server.impl.uri.rules.RightHandPathRule.accept(RightHandPathRule.java:147) [jersey-server-1.19.jar:1.19]
	at com.sun.jersey.server.impl.uri.rules.ResourceClassRule.accept(ResourceClassRule.java:108) [jersey-server-1.19.jar:1.19]
	at com.sun.jersey.server.impl.uri.rules.RightHandPathRule.accept(RightHandPathRule.java:147) [jersey-server-1.19.jar:1.19]
	at com.sun.jersey.server.impl.uri.rules.RootResourceClassesRule.accept(RootResourceClassesRule.java:84) [jersey-server-1.19.jar:1.19]
	at com.sun.jersey.server.impl.application.WebApplicationImpl._handleRequest(WebApplicationImpl.java:1542) [jersey-server-1.19.jar:1.19]
	at com.sun.jersey.server.impl.application.WebApplicationImpl._handleRequest(WebApplicationImpl.java:1473) [jersey-server-1.19.jar:1.19]
	at com.sun.jersey.server.impl.application.WebApplicationImpl.handleRequest(WebApplicationImpl.java:1419) [jersey-server-1.19.jar:1.19]
	at com.sun.jersey.server.impl.application.WebApplicationImpl.handleRequest(WebApplicationImpl.java:1409) [jersey-server-1.19.jar:1.19]
	at com.sun.jersey.spi.container.servlet.WebComponent.service(WebComponent.java:409) [jersey-servlet-1.19.jar:1.19]
	at com.sun.jersey.spi.container.servlet.ServletContainer.service(ServletContainer.java:558) [jersey-servlet-1.19.jar:1.19]
	at com.sun.jersey.spi.container.servlet.ServletContainer.service(ServletContainer.java:733) [jersey-servlet-1.19.jar:1.19]
	at javax.servlet.http.HttpServlet.service(HttpServlet.java:848) [javax.servlet-3.0.0.v201112011016.jar:na]
	at org.eclipse.jetty.servlet.ServletHolder.handle(ServletHolder.java:684) [jetty-all-server-8.1.19.v20160209.jar:8.1.19.v20160209]
	at org.eclipse.jetty.servlet.ServletHandler.doHandle(ServletHandler.java:501) [jetty-all-server-8.1.19.v20160209.jar:8.1.19.v20160209]
	at org.eclipse.jetty.server.session.SessionHandler.doHandle(SessionHandler.java:229) [jetty-all-server-8.1.19.v20160209.jar:8.1.19.v20160209]
	at org.eclipse.jetty.server.handler.ContextHandler.doHandle(ContextHandler.java:1086) [jetty-all-server-8.1.19.v20160209.jar:8.1.19.v20160209]
	at org.eclipse.jetty.servlet.ServletHandler.doScope(ServletHandler.java:427) [jetty-all-server-8.1.19.v20160209.jar:8.1.19.v20160209]
	at org.eclipse.jetty.server.session.SessionHandler.doScope(SessionHandler.java:193) [jetty-all-server-8.1.19.v20160209.jar:8.1.19.v20160209]
	at org.eclipse.jetty.server.handler.ContextHandler.doScope(ContextHandler.java:1020) [jetty-all-server-8.1.19.v20160209.jar:8.1.19.v20160209]
	at org.eclipse.jetty.server.handler.ScopedHandler.handle(ScopedHandler.java:135) [jetty-all-server-8.1.19.v20160209.jar:8.1.19.v20160209]
	at org.eclipse.jetty.server.handler.HandlerList.handle(HandlerList.java:52) [jetty-all-server-8.1.19.v20160209.jar:8.1.19.v20160209]
	at org.eclipse.jetty.server.handler.HandlerWrapper.handle(HandlerWrapper.java:116) [jetty-all-server-8.1.19.v20160209.jar:8.1.19.v20160209]
	at org.eclipse.jetty.server.Server.handle(Server.java:370) [jetty-all-server-8.1.19.v20160209.jar:8.1.19.v20160209]
	at org.eclipse.jetty.server.AbstractHttpConnection.handleRequest(AbstractHttpConnection.java:494) [jetty-all-server-8.1.19.v20160209.jar:8.1.19.v20160209]
	at org.eclipse.jetty.server.AbstractHttpConnection.headerComplete(AbstractHttpConnection.java:973) [jetty-all-server-8.1.19.v20160209.jar:8.1.19.v20160209]
	at org.eclipse.jetty.server.AbstractHttpConnection$RequestHandler.headerComplete(AbstractHttpConnection.java:1035) [jetty-all-server-8.1.19.v20160209.jar:8.1.19.v20160209]
	at org.eclipse.jetty.http.HttpParser.parseNext(HttpParser.java:641) [jetty-all-server-8.1.19.v20160209.jar:8.1.19.v20160209]
	at org.eclipse.jetty.http.HttpParser.parseAvailable(HttpParser.java:231) [jetty-all-server-8.1.19.v20160209.jar:8.1.19.v20160209]
	at org.eclipse.jetty.server.AsyncHttpConnection.handle(AsyncHttpConnection.java:82) [jetty-all-server-8.1.19.v20160209.jar:8.1.19.v20160209]
	at org.eclipse.jetty.io.nio.SelectChannelEndPoint.handle(SelectChannelEndPoint.java:696) [jetty-all-server-8.1.19.v20160209.jar:8.1.19.v20160209]
	at org.eclipse.jetty.io.nio.SelectChannelEndPoint$1.run(SelectChannelEndPoint.java:53) [jetty-all-server-8.1.19.v20160209.jar:8.1.19.v20160209]
	at org.eclipse.jetty.util.thread.QueuedThreadPool.runJob(QueuedThreadPool.java:608) [jetty-all-server-8.1.19.v20160209.jar:8.1.19.v20160209]
	at org.eclipse.jetty.util.thread.QueuedThreadPool$3.run(QueuedThreadPool.java:543) [jetty-all-server-8.1.19.v20160209.jar:8.1.19.v20160209]
	at java.lang.Thread.run(Thread.java:748) [na:1.8.0_181]
[ERROR] 2018-09-04 16:46:29,929 --qtp1016363973-23-- [io.elasticjob.lite.event.rdb.JobEventRdbSearch] Fetch JobExecutionEvent from DB error: 
com.mysql.jdbc.exceptions.jdbc4.MySQLSyntaxErrorException: Unknown column 'duration' in 'field list'
	at sun.reflect.NativeConstructorAccessorImpl.newInstance0(Native Method) ~[na:1.8.0_181]
	at sun.reflect.NativeConstructorAccessorImpl.newInstance(NativeConstructorAccessorImpl.java:62) ~[na:1.8.0_181]
	at sun.reflect.DelegatingConstructorAccessorImpl.newInstance(DelegatingConstructorAccessorImpl.java:45) ~[na:1.8.0_181]
	at java.lang.reflect.Constructor.newInstance(Constructor.java:423) ~[na:1.8.0_181]
	at com.mysql.jdbc.Util.handleNewInstance(Util.java:409) ~[mysql-connector-java-5.1.30.jar:na]
	at com.mysql.jdbc.Util.getInstance(Util.java:384) ~[mysql-connector-java-5.1.30.jar:na]
	at com.mysql.jdbc.SQLError.createSQLException(SQLError.java:1052) ~[mysql-connector-java-5.1.30.jar:na]
	at com.mysql.jdbc.MysqlIO.checkErrorPacket(MysqlIO.java:4232) ~[mysql-connector-java-5.1.30.jar:na]
	at com.mysql.jdbc.MysqlIO.checkErrorPacket(MysqlIO.java:4164) ~[mysql-connector-java-5.1.30.jar:na]
	at com.mysql.jdbc.MysqlIO.sendCommand(MysqlIO.java:2615) ~[mysql-connector-java-5.1.30.jar:na]
	at com.mysql.jdbc.MysqlIO.sqlQueryDirect(MysqlIO.java:2776) ~[mysql-connector-java-5.1.30.jar:na]
	at com.mysql.jdbc.ConnectionImpl.execSQL(ConnectionImpl.java:2838) ~[mysql-connector-java-5.1.30.jar:na]
	at com.mysql.jdbc.PreparedStatement.executeInternal(PreparedStatement.java:2082) ~[mysql-connector-java-5.1.30.jar:na]
	at com.mysql.jdbc.PreparedStatement.executeQuery(PreparedStatement.java:2212) ~[mysql-connector-java-5.1.30.jar:na]
	at org.apache.commons.dbcp.DelegatingPreparedStatement.executeQuery(DelegatingPreparedStatement.java:96) ~[commons-dbcp-1.4.jar:1.4]
	at org.apache.commons.dbcp.DelegatingPreparedStatement.executeQuery(DelegatingPreparedStatement.java:96) ~[commons-dbcp-1.4.jar:1.4]
	at io.elasticjob.lite.event.rdb.JobEventRdbSearch.getJobExecutionEvents(JobEventRdbSearch.java:91) [classes/:na]
	at io.elasticjob.lite.event.rdb.JobEventRdbSearch.findJobExecutionEvents(JobEventRdbSearch.java:73) [classes/:na]
	at io.elasticjob.lite.console.restful.EventTraceHistoryRestfulApi.findJobExecutionEvents(EventTraceHistoryRestfulApi.java:73) [classes/:na]
	at sun.reflect.GeneratedMethodAccessor11.invoke(Unknown Source) ~[na:na]
	at sun.reflect.DelegatingMethodAccessorImpl.invoke(DelegatingMethodAccessorImpl.java:43) ~[na:1.8.0_181]
	at java.lang.reflect.Method.invoke(Method.java:498) ~[na:1.8.0_181]
	at com.sun.jersey.spi.container.JavaMethodInvokerFactory$1.invoke(JavaMethodInvokerFactory.java:60) [jersey-server-1.19.jar:1.19]
	at com.sun.jersey.server.impl.model.method.dispatch.AbstractResourceMethodDispatchProvider$TypeOutInvoker._dispatch(AbstractResourceMethodDispatchProvider.java:185) [jersey-server-1.19.jar:1.19]
	at com.sun.jersey.server.impl.model.method.dispatch.ResourceJavaMethodDispatcher.dispatch(ResourceJavaMethodDispatcher.java:75) [jersey-server-1.19.jar:1.19]
	at com.sun.jersey.server.impl.uri.rules.HttpMethodRule.accept(HttpMethodRule.java:302) [jersey-server-1.19.jar:1.19]
	at com.sun.jersey.server.impl.uri.rules.RightHandPathRule.accept(RightHandPathRule.java:147) [jersey-server-1.19.jar:1.19]
	at com.sun.jersey.server.impl.uri.rules.ResourceClassRule.accept(ResourceClassRule.java:108) [jersey-server-1.19.jar:1.19]
	at com.sun.jersey.server.impl.uri.rules.RightHandPathRule.accept(RightHandPathRule.java:147) [jersey-server-1.19.jar:1.19]
	at com.sun.jersey.server.impl.uri.rules.RootResourceClassesRule.accept(RootResourceClassesRule.java:84) [jersey-server-1.19.jar:1.19]
	at com.sun.jersey.server.impl.application.WebApplicationImpl._handleRequest(WebApplicationImpl.java:1542) [jersey-server-1.19.jar:1.19]
	at com.sun.jersey.server.impl.application.WebApplicationImpl._handleRequest(WebApplicationImpl.java:1473) [jersey-server-1.19.jar:1.19]
	at com.sun.jersey.server.impl.application.WebApplicationImpl.handleRequest(WebApplicationImpl.java:1419) [jersey-server-1.19.jar:1.19]
	at com.sun.jersey.server.impl.application.WebApplicationImpl.handleRequest(WebApplicationImpl.java:1409) [jersey-server-1.19.jar:1.19]
	at com.sun.jersey.spi.container.servlet.WebComponent.service(WebComponent.java:409) [jersey-servlet-1.19.jar:1.19]
	at com.sun.jersey.spi.container.servlet.ServletContainer.service(ServletContainer.java:558) [jersey-servlet-1.19.jar:1.19]
	at com.sun.jersey.spi.container.servlet.ServletContainer.service(ServletContainer.java:733) [jersey-servlet-1.19.jar:1.19]
	at javax.servlet.http.HttpServlet.service(HttpServlet.java:848) [javax.servlet-3.0.0.v201112011016.jar:na]
	at org.eclipse.jetty.servlet.ServletHolder.handle(ServletHolder.java:684) [jetty-all-server-8.1.19.v20160209.jar:8.1.19.v20160209]
	at org.eclipse.jetty.servlet.ServletHandler.doHandle(ServletHandler.java:501) [jetty-all-server-8.1.19.v20160209.jar:8.1.19.v20160209]
	at org.eclipse.jetty.server.session.SessionHandler.doHandle(SessionHandler.java:229) [jetty-all-server-8.1.19.v20160209.jar:8.1.19.v20160209]
	at org.eclipse.jetty.server.handler.ContextHandler.doHandle(ContextHandler.java:1086) [jetty-all-server-8.1.19.v20160209.jar:8.1.19.v20160209]
	at org.eclipse.jetty.servlet.ServletHandler.doScope(ServletHandler.java:427) [jetty-all-server-8.1.19.v20160209.jar:8.1.19.v20160209]
	at org.eclipse.jetty.server.session.SessionHandler.doScope(SessionHandler.java:193) [jetty-all-server-8.1.19.v20160209.jar:8.1.19.v20160209]
	at org.eclipse.jetty.server.handler.ContextHandler.doScope(ContextHandler.java:1020) [jetty-all-server-8.1.19.v20160209.jar:8.1.19.v20160209]
	at org.eclipse.jetty.server.handler.ScopedHandler.handle(ScopedHandler.java:135) [jetty-all-server-8.1.19.v20160209.jar:8.1.19.v20160209]
	at org.eclipse.jetty.server.handler.HandlerList.handle(HandlerList.java:52) [jetty-all-server-8.1.19.v20160209.jar:8.1.19.v20160209]
	at org.eclipse.jetty.server.handler.HandlerWrapper.handle(HandlerWrapper.java:116) [jetty-all-server-8.1.19.v20160209.jar:8.1.19.v20160209]
	at org.eclipse.jetty.server.Server.handle(Server.java:370) [jetty-all-server-8.1.19.v20160209.jar:8.1.19.v20160209]
	at org.eclipse.jetty.server.AbstractHttpConnection.handleRequest(AbstractHttpConnection.java:494) [jetty-all-server-8.1.19.v20160209.jar:8.1.19.v20160209]
	at org.eclipse.jetty.server.AbstractHttpConnection.headerComplete(AbstractHttpConnection.java:973) [jetty-all-server-8.1.19.v20160209.jar:8.1.19.v20160209]
	at org.eclipse.jetty.server.AbstractHttpConnection$RequestHandler.headerComplete(AbstractHttpConnection.java:1035) [jetty-all-server-8.1.19.v20160209.jar:8.1.19.v20160209]
	at org.eclipse.jetty.http.HttpParser.parseNext(HttpParser.java:641) [jetty-all-server-8.1.19.v20160209.jar:8.1.19.v20160209]
	at org.eclipse.jetty.http.HttpParser.parseAvailable(HttpParser.java:231) [jetty-all-server-8.1.19.v20160209.jar:8.1.19.v20160209]
	at org.eclipse.jetty.server.AsyncHttpConnection.handle(AsyncHttpConnection.java:82) [jetty-all-server-8.1.19.v20160209.jar:8.1.19.v20160209]
	at org.eclipse.jetty.io.nio.SelectChannelEndPoint.handle(SelectChannelEndPoint.java:696) [jetty-all-server-8.1.19.v20160209.jar:8.1.19.v20160209]
	at org.eclipse.jetty.io.nio.SelectChannelEndPoint$1.run(SelectChannelEndPoint.java:53) [jetty-all-server-8.1.19.v20160209.jar:8.1.19.v20160209]
	at org.eclipse.jetty.util.thread.QueuedThreadPool.runJob(QueuedThreadPool.java:608) [jetty-all-server-8.1.19.v20160209.jar:8.1.19.v20160209]
	at org.eclipse.jetty.util.thread.QueuedThreadPool$3.run(QueuedThreadPool.java:543) [jetty-all-server-8.1.19.v20160209.jar:8.1.19.v20160209]
	at java.lang.Thread.run(Thread.java:748) [na:1.8.0_181]
[ERROR] 2018-09-04 16:46:30,142 --qtp1016363973-20-- [io.elasticjob.lite.event.rdb.JobEventRdbSearch] Fetch JobExecutionEvent from DB error: 
com.mysql.jdbc.exceptions.jdbc4.MySQLSyntaxErrorException: Unknown column 'duration' in 'field list'
	at sun.reflect.NativeConstructorAccessorImpl.newInstance0(Native Method) ~[na:1.8.0_181]
	at sun.reflect.NativeConstructorAccessorImpl.newInstance(NativeConstructorAccessorImpl.java:62) ~[na:1.8.0_181]
	at sun.reflect.DelegatingConstructorAccessorImpl.newInstance(DelegatingConstructorAccessorImpl.java:45) ~[na:1.8.0_181]
	at java.lang.reflect.Constructor.newInstance(Constructor.java:423) ~[na:1.8.0_181]
	at com.mysql.jdbc.Util.handleNewInstance(Util.java:409) ~[mysql-connector-java-5.1.30.jar:na]
	at com.mysql.jdbc.Util.getInstance(Util.java:384) ~[mysql-connector-java-5.1.30.jar:na]
	at com.mysql.jdbc.SQLError.createSQLException(SQLError.java:1052) ~[mysql-connector-java-5.1.30.jar:na]
	at com.mysql.jdbc.MysqlIO.checkErrorPacket(MysqlIO.java:4232) ~[mysql-connector-java-5.1.30.jar:na]
	at com.mysql.jdbc.MysqlIO.checkErrorPacket(MysqlIO.java:4164) ~[mysql-connector-java-5.1.30.jar:na]
	at com.mysql.jdbc.MysqlIO.sendCommand(MysqlIO.java:2615) ~[mysql-connector-java-5.1.30.jar:na]
	at com.mysql.jdbc.MysqlIO.sqlQueryDirect(MysqlIO.java:2776) ~[mysql-connector-java-5.1.30.jar:na]
	at com.mysql.jdbc.ConnectionImpl.execSQL(ConnectionImpl.java:2838) ~[mysql-connector-java-5.1.30.jar:na]
	at com.mysql.jdbc.PreparedStatement.executeInternal(PreparedStatement.java:2082) ~[mysql-connector-java-5.1.30.jar:na]
	at com.mysql.jdbc.PreparedStatement.executeQuery(PreparedStatement.java:2212) ~[mysql-connector-java-5.1.30.jar:na]
	at org.apache.commons.dbcp.DelegatingPreparedStatement.executeQuery(DelegatingPreparedStatement.java:96) ~[commons-dbcp-1.4.jar:1.4]
	at org.apache.commons.dbcp.DelegatingPreparedStatement.executeQuery(DelegatingPreparedStatement.java:96) ~[commons-dbcp-1.4.jar:1.4]
	at io.elasticjob.lite.event.rdb.JobEventRdbSearch.getJobExecutionEvents(JobEventRdbSearch.java:91) [classes/:na]
	at io.elasticjob.lite.event.rdb.JobEventRdbSearch.findJobExecutionEvents(JobEventRdbSearch.java:73) [classes/:na]
	at io.elasticjob.lite.console.restful.EventTraceHistoryRestfulApi.findJobExecutionEvents(EventTraceHistoryRestfulApi.java:73) [classes/:na]
	at sun.reflect.GeneratedMethodAccessor11.invoke(Unknown Source) ~[na:na]
	at sun.reflect.DelegatingMethodAccessorImpl.invoke(DelegatingMethodAccessorImpl.java:43) ~[na:1.8.0_181]
	at java.lang.reflect.Method.invoke(Method.java:498) ~[na:1.8.0_181]
	at com.sun.jersey.spi.container.JavaMethodInvokerFactory$1.invoke(JavaMethodInvokerFactory.java:60) [jersey-server-1.19.jar:1.19]
	at com.sun.jersey.server.impl.model.method.dispatch.AbstractResourceMethodDispatchProvider$TypeOutInvoker._dispatch(AbstractResourceMethodDispatchProvider.java:185) [jersey-server-1.19.jar:1.19]
	at com.sun.jersey.server.impl.model.method.dispatch.ResourceJavaMethodDispatcher.dispatch(ResourceJavaMethodDispatcher.java:75) [jersey-server-1.19.jar:1.19]
	at com.sun.jersey.server.impl.uri.rules.HttpMethodRule.accept(HttpMethodRule.java:302) [jersey-server-1.19.jar:1.19]
	at com.sun.jersey.server.impl.uri.rules.RightHandPathRule.accept(RightHandPathRule.java:147) [jersey-server-1.19.jar:1.19]
	at com.sun.jersey.server.impl.uri.rules.ResourceClassRule.accept(ResourceClassRule.java:108) [jersey-server-1.19.jar:1.19]
	at com.sun.jersey.server.impl.uri.rules.RightHandPathRule.accept(RightHandPathRule.java:147) [jersey-server-1.19.jar:1.19]
	at com.sun.jersey.server.impl.uri.rules.RootResourceClassesRule.accept(RootResourceClassesRule.java:84) [jersey-server-1.19.jar:1.19]
	at com.sun.jersey.server.impl.application.WebApplicationImpl._handleRequest(WebApplicationImpl.java:1542) [jersey-server-1.19.jar:1.19]
	at com.sun.jersey.server.impl.application.WebApplicationImpl._handleRequest(WebApplicationImpl.java:1473) [jersey-server-1.19.jar:1.19]
	at com.sun.jersey.server.impl.application.WebApplicationImpl.handleRequest(WebApplicationImpl.java:1419) [jersey-server-1.19.jar:1.19]
	at com.sun.jersey.server.impl.application.WebApplicationImpl.handleRequest(WebApplicationImpl.java:1409) [jersey-server-1.19.jar:1.19]
	at com.sun.jersey.spi.container.servlet.WebComponent.service(WebComponent.java:409) [jersey-servlet-1.19.jar:1.19]
	at com.sun.jersey.spi.container.servlet.ServletContainer.service(ServletContainer.java:558) [jersey-servlet-1.19.jar:1.19]
	at com.sun.jersey.spi.container.servlet.ServletContainer.service(ServletContainer.java:733) [jersey-servlet-1.19.jar:1.19]
	at javax.servlet.http.HttpServlet.service(HttpServlet.java:848) [javax.servlet-3.0.0.v201112011016.jar:na]
	at org.eclipse.jetty.servlet.ServletHolder.handle(ServletHolder.java:684) [jetty-all-server-8.1.19.v20160209.jar:8.1.19.v20160209]
	at org.eclipse.jetty.servlet.ServletHandler.doHandle(ServletHandler.java:501) [jetty-all-server-8.1.19.v20160209.jar:8.1.19.v20160209]
	at org.eclipse.jetty.server.session.SessionHandler.doHandle(SessionHandler.java:229) [jetty-all-server-8.1.19.v20160209.jar:8.1.19.v20160209]
	at org.eclipse.jetty.server.handler.ContextHandler.doHandle(ContextHandler.java:1086) [jetty-all-server-8.1.19.v20160209.jar:8.1.19.v20160209]
	at org.eclipse.jetty.servlet.ServletHandler.doScope(ServletHandler.java:427) [jetty-all-server-8.1.19.v20160209.jar:8.1.19.v20160209]
	at org.eclipse.jetty.server.session.SessionHandler.doScope(SessionHandler.java:193) [jetty-all-server-8.1.19.v20160209.jar:8.1.19.v20160209]
	at org.eclipse.jetty.server.handler.ContextHandler.doScope(ContextHandler.java:1020) [jetty-all-server-8.1.19.v20160209.jar:8.1.19.v20160209]
	at org.eclipse.jetty.server.handler.ScopedHandler.handle(ScopedHandler.java:135) [jetty-all-server-8.1.19.v20160209.jar:8.1.19.v20160209]
	at org.eclipse.jetty.server.handler.HandlerList.handle(HandlerList.java:52) [jetty-all-server-8.1.19.v20160209.jar:8.1.19.v20160209]
	at org.eclipse.jetty.server.handler.HandlerWrapper.handle(HandlerWrapper.java:116) [jetty-all-server-8.1.19.v20160209.jar:8.1.19.v20160209]
	at org.eclipse.jetty.server.Server.handle(Server.java:370) [jetty-all-server-8.1.19.v20160209.jar:8.1.19.v20160209]
	at org.eclipse.jetty.server.AbstractHttpConnection.handleRequest(AbstractHttpConnection.java:494) [jetty-all-server-8.1.19.v20160209.jar:8.1.19.v20160209]
	at org.eclipse.jetty.server.AbstractHttpConnection.headerComplete(AbstractHttpConnection.java:973) [jetty-all-server-8.1.19.v20160209.jar:8.1.19.v20160209]
	at org.eclipse.jetty.server.AbstractHttpConnection$RequestHandler.headerComplete(AbstractHttpConnection.java:1035) [jetty-all-server-8.1.19.v20160209.jar:8.1.19.v20160209]
	at org.eclipse.jetty.http.HttpParser.parseNext(HttpParser.java:641) [jetty-all-server-8.1.19.v20160209.jar:8.1.19.v20160209]
	at org.eclipse.jetty.http.HttpParser.parseAvailable(HttpParser.java:231) [jetty-all-server-8.1.19.v20160209.jar:8.1.19.v20160209]
	at org.eclipse.jetty.server.AsyncHttpConnection.handle(AsyncHttpConnection.java:82) [jetty-all-server-8.1.19.v20160209.jar:8.1.19.v20160209]
	at org.eclipse.jetty.io.nio.SelectChannelEndPoint.handle(SelectChannelEndPoint.java:696) [jetty-all-server-8.1.19.v20160209.jar:8.1.19.v20160209]
	at org.eclipse.jetty.io.nio.SelectChannelEndPoint$1.run(SelectChannelEndPoint.java:53) [jetty-all-server-8.1.19.v20160209.jar:8.1.19.v20160209]
	at org.eclipse.jetty.util.thread.QueuedThreadPool.runJob(QueuedThreadPool.java:608) [jetty-all-server-8.1.19.v20160209.jar:8.1.19.v20160209]
	at org.eclipse.jetty.util.thread.QueuedThreadPool$3.run(QueuedThreadPool.java:543) [jetty-all-server-8.1.19.v20160209.jar:8.1.19.v20160209]
	at java.lang.Thread.run(Thread.java:748) [na:1.8.0_181]
[ERROR] 2018-09-04 16:46:30,424 --qtp1016363973-22-- [io.elasticjob.lite.event.rdb.JobEventRdbSearch] Fetch JobExecutionEvent from DB error: 
com.mysql.jdbc.exceptions.jdbc4.MySQLSyntaxErrorException: Unknown column 'duration' in 'field list'
	at sun.reflect.NativeConstructorAccessorImpl.newInstance0(Native Method) ~[na:1.8.0_181]
	at sun.reflect.NativeConstructorAccessorImpl.newInstance(NativeConstructorAccessorImpl.java:62) ~[na:1.8.0_181]
	at sun.reflect.DelegatingConstructorAccessorImpl.newInstance(DelegatingConstructorAccessorImpl.java:45) ~[na:1.8.0_181]
	at java.lang.reflect.Constructor.newInstance(Constructor.java:423) ~[na:1.8.0_181]
	at com.mysql.jdbc.Util.handleNewInstance(Util.java:409) ~[mysql-connector-java-5.1.30.jar:na]
	at com.mysql.jdbc.Util.getInstance(Util.java:384) ~[mysql-connector-java-5.1.30.jar:na]
	at com.mysql.jdbc.SQLError.createSQLException(SQLError.java:1052) ~[mysql-connector-java-5.1.30.jar:na]
	at com.mysql.jdbc.MysqlIO.checkErrorPacket(MysqlIO.java:4232) ~[mysql-connector-java-5.1.30.jar:na]
	at com.mysql.jdbc.MysqlIO.checkErrorPacket(MysqlIO.java:4164) ~[mysql-connector-java-5.1.30.jar:na]
	at com.mysql.jdbc.MysqlIO.sendCommand(MysqlIO.java:2615) ~[mysql-connector-java-5.1.30.jar:na]
	at com.mysql.jdbc.MysqlIO.sqlQueryDirect(MysqlIO.java:2776) ~[mysql-connector-java-5.1.30.jar:na]
	at com.mysql.jdbc.ConnectionImpl.execSQL(ConnectionImpl.java:2838) ~[mysql-connector-java-5.1.30.jar:na]
	at com.mysql.jdbc.PreparedStatement.executeInternal(PreparedStatement.java:2082) ~[mysql-connector-java-5.1.30.jar:na]
	at com.mysql.jdbc.PreparedStatement.executeQuery(PreparedStatement.java:2212) ~[mysql-connector-java-5.1.30.jar:na]
	at org.apache.commons.dbcp.DelegatingPreparedStatement.executeQuery(DelegatingPreparedStatement.java:96) ~[commons-dbcp-1.4.jar:1.4]
	at org.apache.commons.dbcp.DelegatingPreparedStatement.executeQuery(DelegatingPreparedStatement.java:96) ~[commons-dbcp-1.4.jar:1.4]
	at io.elasticjob.lite.event.rdb.JobEventRdbSearch.getJobExecutionEvents(JobEventRdbSearch.java:91) [classes/:na]
	at io.elasticjob.lite.event.rdb.JobEventRdbSearch.findJobExecutionEvents(JobEventRdbSearch.java:73) [classes/:na]
	at io.elasticjob.lite.console.restful.EventTraceHistoryRestfulApi.findJobExecutionEvents(EventTraceHistoryRestfulApi.java:73) [classes/:na]
	at sun.reflect.GeneratedMethodAccessor11.invoke(Unknown Source) ~[na:na]
	at sun.reflect.DelegatingMethodAccessorImpl.invoke(DelegatingMethodAccessorImpl.java:43) ~[na:1.8.0_181]
	at java.lang.reflect.Method.invoke(Method.java:498) ~[na:1.8.0_181]
	at com.sun.jersey.spi.container.JavaMethodInvokerFactory$1.invoke(JavaMethodInvokerFactory.java:60) [jersey-server-1.19.jar:1.19]
	at com.sun.jersey.server.impl.model.method.dispatch.AbstractResourceMethodDispatchProvider$TypeOutInvoker._dispatch(AbstractResourceMethodDispatchProvider.java:185) [jersey-server-1.19.jar:1.19]
	at com.sun.jersey.server.impl.model.method.dispatch.ResourceJavaMethodDispatcher.dispatch(ResourceJavaMethodDispatcher.java:75) [jersey-server-1.19.jar:1.19]
	at com.sun.jersey.server.impl.uri.rules.HttpMethodRule.accept(HttpMethodRule.java:302) [jersey-server-1.19.jar:1.19]
	at com.sun.jersey.server.impl.uri.rules.RightHandPathRule.accept(RightHandPathRule.java:147) [jersey-server-1.19.jar:1.19]
	at com.sun.jersey.server.impl.uri.rules.ResourceClassRule.accept(ResourceClassRule.java:108) [jersey-server-1.19.jar:1.19]
	at com.sun.jersey.server.impl.uri.rules.RightHandPathRule.accept(RightHandPathRule.java:147) [jersey-server-1.19.jar:1.19]
	at com.sun.jersey.server.impl.uri.rules.RootResourceClassesRule.accept(RootResourceClassesRule.java:84) [jersey-server-1.19.jar:1.19]
	at com.sun.jersey.server.impl.application.WebApplicationImpl._handleRequest(WebApplicationImpl.java:1542) [jersey-server-1.19.jar:1.19]
	at com.sun.jersey.server.impl.application.WebApplicationImpl._handleRequest(WebApplicationImpl.java:1473) [jersey-server-1.19.jar:1.19]
	at com.sun.jersey.server.impl.application.WebApplicationImpl.handleRequest(WebApplicationImpl.java:1419) [jersey-server-1.19.jar:1.19]
	at com.sun.jersey.server.impl.application.WebApplicationImpl.handleRequest(WebApplicationImpl.java:1409) [jersey-server-1.19.jar:1.19]
	at com.sun.jersey.spi.container.servlet.WebComponent.service(WebComponent.java:409) [jersey-servlet-1.19.jar:1.19]
	at com.sun.jersey.spi.container.servlet.ServletContainer.service(ServletContainer.java:558) [jersey-servlet-1.19.jar:1.19]
	at com.sun.jersey.spi.container.servlet.ServletContainer.service(ServletContainer.java:733) [jersey-servlet-1.19.jar:1.19]
	at javax.servlet.http.HttpServlet.service(HttpServlet.java:848) [javax.servlet-3.0.0.v201112011016.jar:na]
	at org.eclipse.jetty.servlet.ServletHolder.handle(ServletHolder.java:684) [jetty-all-server-8.1.19.v20160209.jar:8.1.19.v20160209]
	at org.eclipse.jetty.servlet.ServletHandler.doHandle(ServletHandler.java:501) [jetty-all-server-8.1.19.v20160209.jar:8.1.19.v20160209]
	at org.eclipse.jetty.server.session.SessionHandler.doHandle(SessionHandler.java:229) [jetty-all-server-8.1.19.v20160209.jar:8.1.19.v20160209]
	at org.eclipse.jetty.server.handler.ContextHandler.doHandle(ContextHandler.java:1086) [jetty-all-server-8.1.19.v20160209.jar:8.1.19.v20160209]
	at org.eclipse.jetty.servlet.ServletHandler.doScope(ServletHandler.java:427) [jetty-all-server-8.1.19.v20160209.jar:8.1.19.v20160209]
	at org.eclipse.jetty.server.session.SessionHandler.doScope(SessionHandler.java:193) [jetty-all-server-8.1.19.v20160209.jar:8.1.19.v20160209]
	at org.eclipse.jetty.server.handler.ContextHandler.doScope(ContextHandler.java:1020) [jetty-all-server-8.1.19.v20160209.jar:8.1.19.v20160209]
	at org.eclipse.jetty.server.handler.ScopedHandler.handle(ScopedHandler.java:135) [jetty-all-server-8.1.19.v20160209.jar:8.1.19.v20160209]
	at org.eclipse.jetty.server.handler.HandlerList.handle(HandlerList.java:52) [jetty-all-server-8.1.19.v20160209.jar:8.1.19.v20160209]
	at org.eclipse.jetty.server.handler.HandlerWrapper.handle(HandlerWrapper.java:116) [jetty-all-server-8.1.19.v20160209.jar:8.1.19.v20160209]
	at org.eclipse.jetty.server.Server.handle(Server.java:370) [jetty-all-server-8.1.19.v20160209.jar:8.1.19.v20160209]
	at org.eclipse.jetty.server.AbstractHttpConnection.handleRequest(AbstractHttpConnection.java:494) [jetty-all-server-8.1.19.v20160209.jar:8.1.19.v20160209]
	at org.eclipse.jetty.server.AbstractHttpConnection.headerComplete(AbstractHttpConnection.java:973) [jetty-all-server-8.1.19.v20160209.jar:8.1.19.v20160209]
	at org.eclipse.jetty.server.AbstractHttpConnection$RequestHandler.headerComplete(AbstractHttpConnection.java:1035) [jetty-all-server-8.1.19.v20160209.jar:8.1.19.v20160209]
	at org.eclipse.jetty.http.HttpParser.parseNext(HttpParser.java:641) [jetty-all-server-8.1.19.v20160209.jar:8.1.19.v20160209]
	at org.eclipse.jetty.http.HttpParser.parseAvailable(HttpParser.java:231) [jetty-all-server-8.1.19.v20160209.jar:8.1.19.v20160209]
	at org.eclipse.jetty.server.AsyncHttpConnection.handle(AsyncHttpConnection.java:82) [jetty-all-server-8.1.19.v20160209.jar:8.1.19.v20160209]
	at org.eclipse.jetty.io.nio.SelectChannelEndPoint.handle(SelectChannelEndPoint.java:696) [jetty-all-server-8.1.19.v20160209.jar:8.1.19.v20160209]
	at org.eclipse.jetty.io.nio.SelectChannelEndPoint$1.run(SelectChannelEndPoint.java:53) [jetty-all-server-8.1.19.v20160209.jar:8.1.19.v20160209]
	at org.eclipse.jetty.util.thread.QueuedThreadPool.runJob(QueuedThreadPool.java:608) [jetty-all-server-8.1.19.v20160209.jar:8.1.19.v20160209]
	at org.eclipse.jetty.util.thread.QueuedThreadPool$3.run(QueuedThreadPool.java:543) [jetty-all-server-8.1.19.v20160209.jar:8.1.19.v20160209]
	at java.lang.Thread.run(Thread.java:748) [na:1.8.0_181]
[ERROR] 2018-09-04 16:46:30,658 --qtp1016363973-20-- [io.elasticjob.lite.event.rdb.JobEventRdbSearch] Fetch JobExecutionEvent from DB error: 
com.mysql.jdbc.exceptions.jdbc4.MySQLSyntaxErrorException: Unknown column 'duration' in 'field list'
	at sun.reflect.NativeConstructorAccessorImpl.newInstance0(Native Method) ~[na:1.8.0_181]
	at sun.reflect.NativeConstructorAccessorImpl.newInstance(NativeConstructorAccessorImpl.java:62) ~[na:1.8.0_181]
	at sun.reflect.DelegatingConstructorAccessorImpl.newInstance(DelegatingConstructorAccessorImpl.java:45) ~[na:1.8.0_181]
	at java.lang.reflect.Constructor.newInstance(Constructor.java:423) ~[na:1.8.0_181]
	at com.mysql.jdbc.Util.handleNewInstance(Util.java:409) ~[mysql-connector-java-5.1.30.jar:na]
	at com.mysql.jdbc.Util.getInstance(Util.java:384) ~[mysql-connector-java-5.1.30.jar:na]
	at com.mysql.jdbc.SQLError.createSQLException(SQLError.java:1052) ~[mysql-connector-java-5.1.30.jar:na]
	at com.mysql.jdbc.MysqlIO.checkErrorPacket(MysqlIO.java:4232) ~[mysql-connector-java-5.1.30.jar:na]
	at com.mysql.jdbc.MysqlIO.checkErrorPacket(MysqlIO.java:4164) ~[mysql-connector-java-5.1.30.jar:na]
	at com.mysql.jdbc.MysqlIO.sendCommand(MysqlIO.java:2615) ~[mysql-connector-java-5.1.30.jar:na]
	at com.mysql.jdbc.MysqlIO.sqlQueryDirect(MysqlIO.java:2776) ~[mysql-connector-java-5.1.30.jar:na]
	at com.mysql.jdbc.ConnectionImpl.execSQL(ConnectionImpl.java:2838) ~[mysql-connector-java-5.1.30.jar:na]
	at com.mysql.jdbc.PreparedStatement.executeInternal(PreparedStatement.java:2082) ~[mysql-connector-java-5.1.30.jar:na]
	at com.mysql.jdbc.PreparedStatement.executeQuery(PreparedStatement.java:2212) ~[mysql-connector-java-5.1.30.jar:na]
	at org.apache.commons.dbcp.DelegatingPreparedStatement.executeQuery(DelegatingPreparedStatement.java:96) ~[commons-dbcp-1.4.jar:1.4]
	at org.apache.commons.dbcp.DelegatingPreparedStatement.executeQuery(DelegatingPreparedStatement.java:96) ~[commons-dbcp-1.4.jar:1.4]
	at io.elasticjob.lite.event.rdb.JobEventRdbSearch.getJobExecutionEvents(JobEventRdbSearch.java:91) [classes/:na]
	at io.elasticjob.lite.event.rdb.JobEventRdbSearch.findJobExecutionEvents(JobEventRdbSearch.java:73) [classes/:na]
	at io.elasticjob.lite.console.restful.EventTraceHistoryRestfulApi.findJobExecutionEvents(EventTraceHistoryRestfulApi.java:73) [classes/:na]
	at sun.reflect.GeneratedMethodAccessor11.invoke(Unknown Source) ~[na:na]
	at sun.reflect.DelegatingMethodAccessorImpl.invoke(DelegatingMethodAccessorImpl.java:43) ~[na:1.8.0_181]
	at java.lang.reflect.Method.invoke(Method.java:498) ~[na:1.8.0_181]
	at com.sun.jersey.spi.container.JavaMethodInvokerFactory$1.invoke(JavaMethodInvokerFactory.java:60) [jersey-server-1.19.jar:1.19]
	at com.sun.jersey.server.impl.model.method.dispatch.AbstractResourceMethodDispatchProvider$TypeOutInvoker._dispatch(AbstractResourceMethodDispatchProvider.java:185) [jersey-server-1.19.jar:1.19]
	at com.sun.jersey.server.impl.model.method.dispatch.ResourceJavaMethodDispatcher.dispatch(ResourceJavaMethodDispatcher.java:75) [jersey-server-1.19.jar:1.19]
	at com.sun.jersey.server.impl.uri.rules.HttpMethodRule.accept(HttpMethodRule.java:302) [jersey-server-1.19.jar:1.19]
	at com.sun.jersey.server.impl.uri.rules.RightHandPathRule.accept(RightHandPathRule.java:147) [jersey-server-1.19.jar:1.19]
	at com.sun.jersey.server.impl.uri.rules.ResourceClassRule.accept(ResourceClassRule.java:108) [jersey-server-1.19.jar:1.19]
	at com.sun.jersey.server.impl.uri.rules.RightHandPathRule.accept(RightHandPathRule.java:147) [jersey-server-1.19.jar:1.19]
	at com.sun.jersey.server.impl.uri.rules.RootResourceClassesRule.accept(RootResourceClassesRule.java:84) [jersey-server-1.19.jar:1.19]
	at com.sun.jersey.server.impl.application.WebApplicationImpl._handleRequest(WebApplicationImpl.java:1542) [jersey-server-1.19.jar:1.19]
	at com.sun.jersey.server.impl.application.WebApplicationImpl._handleRequest(WebApplicationImpl.java:1473) [jersey-server-1.19.jar:1.19]
	at com.sun.jersey.server.impl.application.WebApplicationImpl.handleRequest(WebApplicationImpl.java:1419) [jersey-server-1.19.jar:1.19]
	at com.sun.jersey.server.impl.application.WebApplicationImpl.handleRequest(WebApplicationImpl.java:1409) [jersey-server-1.19.jar:1.19]
	at com.sun.jersey.spi.container.servlet.WebComponent.service(WebComponent.java:409) [jersey-servlet-1.19.jar:1.19]
	at com.sun.jersey.spi.container.servlet.ServletContainer.service(ServletContainer.java:558) [jersey-servlet-1.19.jar:1.19]
	at com.sun.jersey.spi.container.servlet.ServletContainer.service(ServletContainer.java:733) [jersey-servlet-1.19.jar:1.19]
	at javax.servlet.http.HttpServlet.service(HttpServlet.java:848) [javax.servlet-3.0.0.v201112011016.jar:na]
	at org.eclipse.jetty.servlet.ServletHolder.handle(ServletHolder.java:684) [jetty-all-server-8.1.19.v20160209.jar:8.1.19.v20160209]
	at org.eclipse.jetty.servlet.ServletHandler.doHandle(ServletHandler.java:501) [jetty-all-server-8.1.19.v20160209.jar:8.1.19.v20160209]
	at org.eclipse.jetty.server.session.SessionHandler.doHandle(SessionHandler.java:229) [jetty-all-server-8.1.19.v20160209.jar:8.1.19.v20160209]
	at org.eclipse.jetty.server.handler.ContextHandler.doHandle(ContextHandler.java:1086) [jetty-all-server-8.1.19.v20160209.jar:8.1.19.v20160209]
	at org.eclipse.jetty.servlet.ServletHandler.doScope(ServletHandler.java:427) [jetty-all-server-8.1.19.v20160209.jar:8.1.19.v20160209]
	at org.eclipse.jetty.server.session.SessionHandler.doScope(SessionHandler.java:193) [jetty-all-server-8.1.19.v20160209.jar:8.1.19.v20160209]
	at org.eclipse.jetty.server.handler.ContextHandler.doScope(ContextHandler.java:1020) [jetty-all-server-8.1.19.v20160209.jar:8.1.19.v20160209]
	at org.eclipse.jetty.server.handler.ScopedHandler.handle(ScopedHandler.java:135) [jetty-all-server-8.1.19.v20160209.jar:8.1.19.v20160209]
	at org.eclipse.jetty.server.handler.HandlerList.handle(HandlerList.java:52) [jetty-all-server-8.1.19.v20160209.jar:8.1.19.v20160209]
	at org.eclipse.jetty.server.handler.HandlerWrapper.handle(HandlerWrapper.java:116) [jetty-all-server-8.1.19.v20160209.jar:8.1.19.v20160209]
	at org.eclipse.jetty.server.Server.handle(Server.java:370) [jetty-all-server-8.1.19.v20160209.jar:8.1.19.v20160209]
	at org.eclipse.jetty.server.AbstractHttpConnection.handleRequest(AbstractHttpConnection.java:494) [jetty-all-server-8.1.19.v20160209.jar:8.1.19.v20160209]
	at org.eclipse.jetty.server.AbstractHttpConnection.headerComplete(AbstractHttpConnection.java:973) [jetty-all-server-8.1.19.v20160209.jar:8.1.19.v20160209]
	at org.eclipse.jetty.server.AbstractHttpConnection$RequestHandler.headerComplete(AbstractHttpConnection.java:1035) [jetty-all-server-8.1.19.v20160209.jar:8.1.19.v20160209]
	at org.eclipse.jetty.http.HttpParser.parseNext(HttpParser.java:641) [jetty-all-server-8.1.19.v20160209.jar:8.1.19.v20160209]
	at org.eclipse.jetty.http.HttpParser.parseAvailable(HttpParser.java:231) [jetty-all-server-8.1.19.v20160209.jar:8.1.19.v20160209]
	at org.eclipse.jetty.server.AsyncHttpConnection.handle(AsyncHttpConnection.java:82) [jetty-all-server-8.1.19.v20160209.jar:8.1.19.v20160209]
	at org.eclipse.jetty.io.nio.SelectChannelEndPoint.handle(SelectChannelEndPoint.java:696) [jetty-all-server-8.1.19.v20160209.jar:8.1.19.v20160209]
	at org.eclipse.jetty.io.nio.SelectChannelEndPoint$1.run(SelectChannelEndPoint.java:53) [jetty-all-server-8.1.19.v20160209.jar:8.1.19.v20160209]
	at org.eclipse.jetty.util.thread.QueuedThreadPool.runJob(QueuedThreadPool.java:608) [jetty-all-server-8.1.19.v20160209.jar:8.1.19.v20160209]
	at org.eclipse.jetty.util.thread.QueuedThreadPool$3.run(QueuedThreadPool.java:543) [jetty-all-server-8.1.19.v20160209.jar:8.1.19.v20160209]
	at java.lang.Thread.run(Thread.java:748) [na:1.8.0_181]
[ERROR] 2018-09-04 16:47:51,926 --qtp1016363973-20-- [io.elasticjob.lite.event.rdb.JobEventRdbSearch] Fetch JobExecutionEvent from DB error: 
com.mysql.jdbc.exceptions.jdbc4.MySQLSyntaxErrorException: Unknown column 'duration' in 'field list'
	at sun.reflect.NativeConstructorAccessorImpl.newInstance0(Native Method) ~[na:1.8.0_181]
	at sun.reflect.NativeConstructorAccessorImpl.newInstance(NativeConstructorAccessorImpl.java:62) ~[na:1.8.0_181]
	at sun.reflect.DelegatingConstructorAccessorImpl.newInstance(DelegatingConstructorAccessorImpl.java:45) ~[na:1.8.0_181]
	at java.lang.reflect.Constructor.newInstance(Constructor.java:423) ~[na:1.8.0_181]
	at com.mysql.jdbc.Util.handleNewInstance(Util.java:409) ~[mysql-connector-java-5.1.30.jar:na]
	at com.mysql.jdbc.Util.getInstance(Util.java:384) ~[mysql-connector-java-5.1.30.jar:na]
	at com.mysql.jdbc.SQLError.createSQLException(SQLError.java:1052) ~[mysql-connector-java-5.1.30.jar:na]
	at com.mysql.jdbc.MysqlIO.checkErrorPacket(MysqlIO.java:4232) ~[mysql-connector-java-5.1.30.jar:na]
	at com.mysql.jdbc.MysqlIO.checkErrorPacket(MysqlIO.java:4164) ~[mysql-connector-java-5.1.30.jar:na]
	at com.mysql.jdbc.MysqlIO.sendCommand(MysqlIO.java:2615) ~[mysql-connector-java-5.1.30.jar:na]
	at com.mysql.jdbc.MysqlIO.sqlQueryDirect(MysqlIO.java:2776) ~[mysql-connector-java-5.1.30.jar:na]
	at com.mysql.jdbc.ConnectionImpl.execSQL(ConnectionImpl.java:2838) ~[mysql-connector-java-5.1.30.jar:na]
	at com.mysql.jdbc.PreparedStatement.executeInternal(PreparedStatement.java:2082) ~[mysql-connector-java-5.1.30.jar:na]
	at com.mysql.jdbc.PreparedStatement.executeQuery(PreparedStatement.java:2212) ~[mysql-connector-java-5.1.30.jar:na]
	at org.apache.commons.dbcp.DelegatingPreparedStatement.executeQuery(DelegatingPreparedStatement.java:96) ~[commons-dbcp-1.4.jar:1.4]
	at org.apache.commons.dbcp.DelegatingPreparedStatement.executeQuery(DelegatingPreparedStatement.java:96) ~[commons-dbcp-1.4.jar:1.4]
	at io.elasticjob.lite.event.rdb.JobEventRdbSearch.getJobExecutionEvents(JobEventRdbSearch.java:91) [classes/:na]
	at io.elasticjob.lite.event.rdb.JobEventRdbSearch.findJobExecutionEvents(JobEventRdbSearch.java:73) [classes/:na]
	at io.elasticjob.lite.console.restful.EventTraceHistoryRestfulApi.findJobExecutionEvents(EventTraceHistoryRestfulApi.java:73) [classes/:na]
	at sun.reflect.GeneratedMethodAccessor11.invoke(Unknown Source) ~[na:na]
	at sun.reflect.DelegatingMethodAccessorImpl.invoke(DelegatingMethodAccessorImpl.java:43) ~[na:1.8.0_181]
	at java.lang.reflect.Method.invoke(Method.java:498) ~[na:1.8.0_181]
	at com.sun.jersey.spi.container.JavaMethodInvokerFactory$1.invoke(JavaMethodInvokerFactory.java:60) [jersey-server-1.19.jar:1.19]
	at com.sun.jersey.server.impl.model.method.dispatch.AbstractResourceMethodDispatchProvider$TypeOutInvoker._dispatch(AbstractResourceMethodDispatchProvider.java:185) [jersey-server-1.19.jar:1.19]
	at com.sun.jersey.server.impl.model.method.dispatch.ResourceJavaMethodDispatcher.dispatch(ResourceJavaMethodDispatcher.java:75) [jersey-server-1.19.jar:1.19]
	at com.sun.jersey.server.impl.uri.rules.HttpMethodRule.accept(HttpMethodRule.java:302) [jersey-server-1.19.jar:1.19]
	at com.sun.jersey.server.impl.uri.rules.RightHandPathRule.accept(RightHandPathRule.java:147) [jersey-server-1.19.jar:1.19]
	at com.sun.jersey.server.impl.uri.rules.ResourceClassRule.accept(ResourceClassRule.java:108) [jersey-server-1.19.jar:1.19]
	at com.sun.jersey.server.impl.uri.rules.RightHandPathRule.accept(RightHandPathRule.java:147) [jersey-server-1.19.jar:1.19]
	at com.sun.jersey.server.impl.uri.rules.RootResourceClassesRule.accept(RootResourceClassesRule.java:84) [jersey-server-1.19.jar:1.19]
	at com.sun.jersey.server.impl.application.WebApplicationImpl._handleRequest(WebApplicationImpl.java:1542) [jersey-server-1.19.jar:1.19]
	at com.sun.jersey.server.impl.application.WebApplicationImpl._handleRequest(WebApplicationImpl.java:1473) [jersey-server-1.19.jar:1.19]
	at com.sun.jersey.server.impl.application.WebApplicationImpl.handleRequest(WebApplicationImpl.java:1419) [jersey-server-1.19.jar:1.19]
	at com.sun.jersey.server.impl.application.WebApplicationImpl.handleRequest(WebApplicationImpl.java:1409) [jersey-server-1.19.jar:1.19]
	at com.sun.jersey.spi.container.servlet.WebComponent.service(WebComponent.java:409) [jersey-servlet-1.19.jar:1.19]
	at com.sun.jersey.spi.container.servlet.ServletContainer.service(ServletContainer.java:558) [jersey-servlet-1.19.jar:1.19]
	at com.sun.jersey.spi.container.servlet.ServletContainer.service(ServletContainer.java:733) [jersey-servlet-1.19.jar:1.19]
	at javax.servlet.http.HttpServlet.service(HttpServlet.java:848) [javax.servlet-3.0.0.v201112011016.jar:na]
	at org.eclipse.jetty.servlet.ServletHolder.handle(ServletHolder.java:684) [jetty-all-server-8.1.19.v20160209.jar:8.1.19.v20160209]
	at org.eclipse.jetty.servlet.ServletHandler.doHandle(ServletHandler.java:501) [jetty-all-server-8.1.19.v20160209.jar:8.1.19.v20160209]
	at org.eclipse.jetty.server.session.SessionHandler.doHandle(SessionHandler.java:229) [jetty-all-server-8.1.19.v20160209.jar:8.1.19.v20160209]
	at org.eclipse.jetty.server.handler.ContextHandler.doHandle(ContextHandler.java:1086) [jetty-all-server-8.1.19.v20160209.jar:8.1.19.v20160209]
	at org.eclipse.jetty.servlet.ServletHandler.doScope(ServletHandler.java:427) [jetty-all-server-8.1.19.v20160209.jar:8.1.19.v20160209]
	at org.eclipse.jetty.server.session.SessionHandler.doScope(SessionHandler.java:193) [jetty-all-server-8.1.19.v20160209.jar:8.1.19.v20160209]
	at org.eclipse.jetty.server.handler.ContextHandler.doScope(ContextHandler.java:1020) [jetty-all-server-8.1.19.v20160209.jar:8.1.19.v20160209]
	at org.eclipse.jetty.server.handler.ScopedHandler.handle(ScopedHandler.java:135) [jetty-all-server-8.1.19.v20160209.jar:8.1.19.v20160209]
	at org.eclipse.jetty.server.handler.HandlerList.handle(HandlerList.java:52) [jetty-all-server-8.1.19.v20160209.jar:8.1.19.v20160209]
	at org.eclipse.jetty.server.handler.HandlerWrapper.handle(HandlerWrapper.java:116) [jetty-all-server-8.1.19.v20160209.jar:8.1.19.v20160209]
	at org.eclipse.jetty.server.Server.handle(Server.java:370) [jetty-all-server-8.1.19.v20160209.jar:8.1.19.v20160209]
	at org.eclipse.jetty.server.AbstractHttpConnection.handleRequest(AbstractHttpConnection.java:494) [jetty-all-server-8.1.19.v20160209.jar:8.1.19.v20160209]
	at org.eclipse.jetty.server.AbstractHttpConnection.headerComplete(AbstractHttpConnection.java:973) [jetty-all-server-8.1.19.v20160209.jar:8.1.19.v20160209]
	at org.eclipse.jetty.server.AbstractHttpConnection$RequestHandler.headerComplete(AbstractHttpConnection.java:1035) [jetty-all-server-8.1.19.v20160209.jar:8.1.19.v20160209]
	at org.eclipse.jetty.http.HttpParser.parseNext(HttpParser.java:641) [jetty-all-server-8.1.19.v20160209.jar:8.1.19.v20160209]
	at org.eclipse.jetty.http.HttpParser.parseAvailable(HttpParser.java:231) [jetty-all-server-8.1.19.v20160209.jar:8.1.19.v20160209]
	at org.eclipse.jetty.server.AsyncHttpConnection.handle(AsyncHttpConnection.java:82) [jetty-all-server-8.1.19.v20160209.jar:8.1.19.v20160209]
	at org.eclipse.jetty.io.nio.SelectChannelEndPoint.handle(SelectChannelEndPoint.java:696) [jetty-all-server-8.1.19.v20160209.jar:8.1.19.v20160209]
	at org.eclipse.jetty.io.nio.SelectChannelEndPoint$1.run(SelectChannelEndPoint.java:53) [jetty-all-server-8.1.19.v20160209.jar:8.1.19.v20160209]
	at org.eclipse.jetty.util.thread.QueuedThreadPool.runJob(QueuedThreadPool.java:608) [jetty-all-server-8.1.19.v20160209.jar:8.1.19.v20160209]
	at org.eclipse.jetty.util.thread.QueuedThreadPool$3.run(QueuedThreadPool.java:543) [jetty-all-server-8.1.19.v20160209.jar:8.1.19.v20160209]
	at java.lang.Thread.run(Thread.java:748) [na:1.8.0_181]
[ERROR] 2018-09-04 16:47:52,743 --qtp1016363973-23-- [io.elasticjob.lite.event.rdb.JobEventRdbSearch] Fetch JobExecutionEvent from DB error: 
com.mysql.jdbc.exceptions.jdbc4.MySQLSyntaxErrorException: Unknown column 'duration' in 'field list'
	at sun.reflect.NativeConstructorAccessorImpl.newInstance0(Native Method) ~[na:1.8.0_181]
	at sun.reflect.NativeConstructorAccessorImpl.newInstance(NativeConstructorAccessorImpl.java:62) ~[na:1.8.0_181]
	at sun.reflect.DelegatingConstructorAccessorImpl.newInstance(DelegatingConstructorAccessorImpl.java:45) ~[na:1.8.0_181]
	at java.lang.reflect.Constructor.newInstance(Constructor.java:423) ~[na:1.8.0_181]
	at com.mysql.jdbc.Util.handleNewInstance(Util.java:409) ~[mysql-connector-java-5.1.30.jar:na]
	at com.mysql.jdbc.Util.getInstance(Util.java:384) ~[mysql-connector-java-5.1.30.jar:na]
	at com.mysql.jdbc.SQLError.createSQLException(SQLError.java:1052) ~[mysql-connector-java-5.1.30.jar:na]
	at com.mysql.jdbc.MysqlIO.checkErrorPacket(MysqlIO.java:4232) ~[mysql-connector-java-5.1.30.jar:na]
	at com.mysql.jdbc.MysqlIO.checkErrorPacket(MysqlIO.java:4164) ~[mysql-connector-java-5.1.30.jar:na]
	at com.mysql.jdbc.MysqlIO.sendCommand(MysqlIO.java:2615) ~[mysql-connector-java-5.1.30.jar:na]
	at com.mysql.jdbc.MysqlIO.sqlQueryDirect(MysqlIO.java:2776) ~[mysql-connector-java-5.1.30.jar:na]
	at com.mysql.jdbc.ConnectionImpl.execSQL(ConnectionImpl.java:2838) ~[mysql-connector-java-5.1.30.jar:na]
	at com.mysql.jdbc.PreparedStatement.executeInternal(PreparedStatement.java:2082) ~[mysql-connector-java-5.1.30.jar:na]
	at com.mysql.jdbc.PreparedStatement.executeQuery(PreparedStatement.java:2212) ~[mysql-connector-java-5.1.30.jar:na]
	at org.apache.commons.dbcp.DelegatingPreparedStatement.executeQuery(DelegatingPreparedStatement.java:96) ~[commons-dbcp-1.4.jar:1.4]
	at org.apache.commons.dbcp.DelegatingPreparedStatement.executeQuery(DelegatingPreparedStatement.java:96) ~[commons-dbcp-1.4.jar:1.4]
	at io.elasticjob.lite.event.rdb.JobEventRdbSearch.getJobExecutionEvents(JobEventRdbSearch.java:91) [classes/:na]
	at io.elasticjob.lite.event.rdb.JobEventRdbSearch.findJobExecutionEvents(JobEventRdbSearch.java:73) [classes/:na]
	at io.elasticjob.lite.console.restful.EventTraceHistoryRestfulApi.findJobExecutionEvents(EventTraceHistoryRestfulApi.java:73) [classes/:na]
	at sun.reflect.GeneratedMethodAccessor11.invoke(Unknown Source) ~[na:na]
	at sun.reflect.DelegatingMethodAccessorImpl.invoke(DelegatingMethodAccessorImpl.java:43) ~[na:1.8.0_181]
	at java.lang.reflect.Method.invoke(Method.java:498) ~[na:1.8.0_181]
	at com.sun.jersey.spi.container.JavaMethodInvokerFactory$1.invoke(JavaMethodInvokerFactory.java:60) [jersey-server-1.19.jar:1.19]
	at com.sun.jersey.server.impl.model.method.dispatch.AbstractResourceMethodDispatchProvider$TypeOutInvoker._dispatch(AbstractResourceMethodDispatchProvider.java:185) [jersey-server-1.19.jar:1.19]
	at com.sun.jersey.server.impl.model.method.dispatch.ResourceJavaMethodDispatcher.dispatch(ResourceJavaMethodDispatcher.java:75) [jersey-server-1.19.jar:1.19]
	at com.sun.jersey.server.impl.uri.rules.HttpMethodRule.accept(HttpMethodRule.java:302) [jersey-server-1.19.jar:1.19]
	at com.sun.jersey.server.impl.uri.rules.RightHandPathRule.accept(RightHandPathRule.java:147) [jersey-server-1.19.jar:1.19]
	at com.sun.jersey.server.impl.uri.rules.ResourceClassRule.accept(ResourceClassRule.java:108) [jersey-server-1.19.jar:1.19]
	at com.sun.jersey.server.impl.uri.rules.RightHandPathRule.accept(RightHandPathRule.java:147) [jersey-server-1.19.jar:1.19]
	at com.sun.jersey.server.impl.uri.rules.RootResourceClassesRule.accept(RootResourceClassesRule.java:84) [jersey-server-1.19.jar:1.19]
	at com.sun.jersey.server.impl.application.WebApplicationImpl._handleRequest(WebApplicationImpl.java:1542) [jersey-server-1.19.jar:1.19]
	at com.sun.jersey.server.impl.application.WebApplicationImpl._handleRequest(WebApplicationImpl.java:1473) [jersey-server-1.19.jar:1.19]
	at com.sun.jersey.server.impl.application.WebApplicationImpl.handleRequest(WebApplicationImpl.java:1419) [jersey-server-1.19.jar:1.19]
	at com.sun.jersey.server.impl.application.WebApplicationImpl.handleRequest(WebApplicationImpl.java:1409) [jersey-server-1.19.jar:1.19]
	at com.sun.jersey.spi.container.servlet.WebComponent.service(WebComponent.java:409) [jersey-servlet-1.19.jar:1.19]
	at com.sun.jersey.spi.container.servlet.ServletContainer.service(ServletContainer.java:558) [jersey-servlet-1.19.jar:1.19]
	at com.sun.jersey.spi.container.servlet.ServletContainer.service(ServletContainer.java:733) [jersey-servlet-1.19.jar:1.19]
	at javax.servlet.http.HttpServlet.service(HttpServlet.java:848) [javax.servlet-3.0.0.v201112011016.jar:na]
	at org.eclipse.jetty.servlet.ServletHolder.handle(ServletHolder.java:684) [jetty-all-server-8.1.19.v20160209.jar:8.1.19.v20160209]
	at org.eclipse.jetty.servlet.ServletHandler.doHandle(ServletHandler.java:501) [jetty-all-server-8.1.19.v20160209.jar:8.1.19.v20160209]
	at org.eclipse.jetty.server.session.SessionHandler.doHandle(SessionHandler.java:229) [jetty-all-server-8.1.19.v20160209.jar:8.1.19.v20160209]
	at org.eclipse.jetty.server.handler.ContextHandler.doHandle(ContextHandler.java:1086) [jetty-all-server-8.1.19.v20160209.jar:8.1.19.v20160209]
	at org.eclipse.jetty.servlet.ServletHandler.doScope(ServletHandler.java:427) [jetty-all-server-8.1.19.v20160209.jar:8.1.19.v20160209]
	at org.eclipse.jetty.server.session.SessionHandler.doScope(SessionHandler.java:193) [jetty-all-server-8.1.19.v20160209.jar:8.1.19.v20160209]
	at org.eclipse.jetty.server.handler.ContextHandler.doScope(ContextHandler.java:1020) [jetty-all-server-8.1.19.v20160209.jar:8.1.19.v20160209]
	at org.eclipse.jetty.server.handler.ScopedHandler.handle(ScopedHandler.java:135) [jetty-all-server-8.1.19.v20160209.jar:8.1.19.v20160209]
	at org.eclipse.jetty.server.handler.HandlerList.handle(HandlerList.java:52) [jetty-all-server-8.1.19.v20160209.jar:8.1.19.v20160209]
	at org.eclipse.jetty.server.handler.HandlerWrapper.handle(HandlerWrapper.java:116) [jetty-all-server-8.1.19.v20160209.jar:8.1.19.v20160209]
	at org.eclipse.jetty.server.Server.handle(Server.java:370) [jetty-all-server-8.1.19.v20160209.jar:8.1.19.v20160209]
	at org.eclipse.jetty.server.AbstractHttpConnection.handleRequest(AbstractHttpConnection.java:494) [jetty-all-server-8.1.19.v20160209.jar:8.1.19.v20160209]
	at org.eclipse.jetty.server.AbstractHttpConnection.headerComplete(AbstractHttpConnection.java:973) [jetty-all-server-8.1.19.v20160209.jar:8.1.19.v20160209]
	at org.eclipse.jetty.server.AbstractHttpConnection$RequestHandler.headerComplete(AbstractHttpConnection.java:1035) [jetty-all-server-8.1.19.v20160209.jar:8.1.19.v20160209]
	at org.eclipse.jetty.http.HttpParser.parseNext(HttpParser.java:641) [jetty-all-server-8.1.19.v20160209.jar:8.1.19.v20160209]
	at org.eclipse.jetty.http.HttpParser.parseAvailable(HttpParser.java:231) [jetty-all-server-8.1.19.v20160209.jar:8.1.19.v20160209]
	at org.eclipse.jetty.server.AsyncHttpConnection.handle(AsyncHttpConnection.java:82) [jetty-all-server-8.1.19.v20160209.jar:8.1.19.v20160209]
	at org.eclipse.jetty.io.nio.SelectChannelEndPoint.handle(SelectChannelEndPoint.java:696) [jetty-all-server-8.1.19.v20160209.jar:8.1.19.v20160209]
	at org.eclipse.jetty.io.nio.SelectChannelEndPoint$1.run(SelectChannelEndPoint.java:53) [jetty-all-server-8.1.19.v20160209.jar:8.1.19.v20160209]
	at org.eclipse.jetty.util.thread.QueuedThreadPool.runJob(QueuedThreadPool.java:608) [jetty-all-server-8.1.19.v20160209.jar:8.1.19.v20160209]
	at org.eclipse.jetty.util.thread.QueuedThreadPool$3.run(QueuedThreadPool.java:543) [jetty-all-server-8.1.19.v20160209.jar:8.1.19.v20160209]
	at java.lang.Thread.run(Thread.java:748) [na:1.8.0_181]
[ERROR] 2018-09-04 16:47:55,475 --qtp1016363973-20-- [io.elasticjob.lite.event.rdb.JobEventRdbSearch] Fetch JobExecutionEvent from DB error: 
com.mysql.jdbc.exceptions.jdbc4.MySQLSyntaxErrorException: Unknown column 'duration' in 'field list'
	at sun.reflect.NativeConstructorAccessorImpl.newInstance0(Native Method) ~[na:1.8.0_181]
	at sun.reflect.NativeConstructorAccessorImpl.newInstance(NativeConstructorAccessorImpl.java:62) ~[na:1.8.0_181]
	at sun.reflect.DelegatingConstructorAccessorImpl.newInstance(DelegatingConstructorAccessorImpl.java:45) ~[na:1.8.0_181]
	at java.lang.reflect.Constructor.newInstance(Constructor.java:423) ~[na:1.8.0_181]
	at com.mysql.jdbc.Util.handleNewInstance(Util.java:409) ~[mysql-connector-java-5.1.30.jar:na]
	at com.mysql.jdbc.Util.getInstance(Util.java:384) ~[mysql-connector-java-5.1.30.jar:na]
	at com.mysql.jdbc.SQLError.createSQLException(SQLError.java:1052) ~[mysql-connector-java-5.1.30.jar:na]
	at com.mysql.jdbc.MysqlIO.checkErrorPacket(MysqlIO.java:4232) ~[mysql-connector-java-5.1.30.jar:na]
	at com.mysql.jdbc.MysqlIO.checkErrorPacket(MysqlIO.java:4164) ~[mysql-connector-java-5.1.30.jar:na]
	at com.mysql.jdbc.MysqlIO.sendCommand(MysqlIO.java:2615) ~[mysql-connector-java-5.1.30.jar:na]
	at com.mysql.jdbc.MysqlIO.sqlQueryDirect(MysqlIO.java:2776) ~[mysql-connector-java-5.1.30.jar:na]
	at com.mysql.jdbc.ConnectionImpl.execSQL(ConnectionImpl.java:2838) ~[mysql-connector-java-5.1.30.jar:na]
	at com.mysql.jdbc.PreparedStatement.executeInternal(PreparedStatement.java:2082) ~[mysql-connector-java-5.1.30.jar:na]
	at com.mysql.jdbc.PreparedStatement.executeQuery(PreparedStatement.java:2212) ~[mysql-connector-java-5.1.30.jar:na]
	at org.apache.commons.dbcp.DelegatingPreparedStatement.executeQuery(DelegatingPreparedStatement.java:96) ~[commons-dbcp-1.4.jar:1.4]
	at org.apache.commons.dbcp.DelegatingPreparedStatement.executeQuery(DelegatingPreparedStatement.java:96) ~[commons-dbcp-1.4.jar:1.4]
	at io.elasticjob.lite.event.rdb.JobEventRdbSearch.getJobExecutionEvents(JobEventRdbSearch.java:91) [classes/:na]
	at io.elasticjob.lite.event.rdb.JobEventRdbSearch.findJobExecutionEvents(JobEventRdbSearch.java:73) [classes/:na]
	at io.elasticjob.lite.console.restful.EventTraceHistoryRestfulApi.findJobExecutionEvents(EventTraceHistoryRestfulApi.java:73) [classes/:na]
	at sun.reflect.GeneratedMethodAccessor11.invoke(Unknown Source) ~[na:na]
	at sun.reflect.DelegatingMethodAccessorImpl.invoke(DelegatingMethodAccessorImpl.java:43) ~[na:1.8.0_181]
	at java.lang.reflect.Method.invoke(Method.java:498) ~[na:1.8.0_181]
	at com.sun.jersey.spi.container.JavaMethodInvokerFactory$1.invoke(JavaMethodInvokerFactory.java:60) [jersey-server-1.19.jar:1.19]
	at com.sun.jersey.server.impl.model.method.dispatch.AbstractResourceMethodDispatchProvider$TypeOutInvoker._dispatch(AbstractResourceMethodDispatchProvider.java:185) [jersey-server-1.19.jar:1.19]
	at com.sun.jersey.server.impl.model.method.dispatch.ResourceJavaMethodDispatcher.dispatch(ResourceJavaMethodDispatcher.java:75) [jersey-server-1.19.jar:1.19]
	at com.sun.jersey.server.impl.uri.rules.HttpMethodRule.accept(HttpMethodRule.java:302) [jersey-server-1.19.jar:1.19]
	at com.sun.jersey.server.impl.uri.rules.RightHandPathRule.accept(RightHandPathRule.java:147) [jersey-server-1.19.jar:1.19]
	at com.sun.jersey.server.impl.uri.rules.ResourceClassRule.accept(ResourceClassRule.java:108) [jersey-server-1.19.jar:1.19]
	at com.sun.jersey.server.impl.uri.rules.RightHandPathRule.accept(RightHandPathRule.java:147) [jersey-server-1.19.jar:1.19]
	at com.sun.jersey.server.impl.uri.rules.RootResourceClassesRule.accept(RootResourceClassesRule.java:84) [jersey-server-1.19.jar:1.19]
	at com.sun.jersey.server.impl.application.WebApplicationImpl._handleRequest(WebApplicationImpl.java:1542) [jersey-server-1.19.jar:1.19]
	at com.sun.jersey.server.impl.application.WebApplicationImpl._handleRequest(WebApplicationImpl.java:1473) [jersey-server-1.19.jar:1.19]
	at com.sun.jersey.server.impl.application.WebApplicationImpl.handleRequest(WebApplicationImpl.java:1419) [jersey-server-1.19.jar:1.19]
	at com.sun.jersey.server.impl.application.WebApplicationImpl.handleRequest(WebApplicationImpl.java:1409) [jersey-server-1.19.jar:1.19]
	at com.sun.jersey.spi.container.servlet.WebComponent.service(WebComponent.java:409) [jersey-servlet-1.19.jar:1.19]
	at com.sun.jersey.spi.container.servlet.ServletContainer.service(ServletContainer.java:558) [jersey-servlet-1.19.jar:1.19]
	at com.sun.jersey.spi.container.servlet.ServletContainer.service(ServletContainer.java:733) [jersey-servlet-1.19.jar:1.19]
	at javax.servlet.http.HttpServlet.service(HttpServlet.java:848) [javax.servlet-3.0.0.v201112011016.jar:na]
	at org.eclipse.jetty.servlet.ServletHolder.handle(ServletHolder.java:684) [jetty-all-server-8.1.19.v20160209.jar:8.1.19.v20160209]
	at org.eclipse.jetty.servlet.ServletHandler.doHandle(ServletHandler.java:501) [jetty-all-server-8.1.19.v20160209.jar:8.1.19.v20160209]
	at org.eclipse.jetty.server.session.SessionHandler.doHandle(SessionHandler.java:229) [jetty-all-server-8.1.19.v20160209.jar:8.1.19.v20160209]
	at org.eclipse.jetty.server.handler.ContextHandler.doHandle(ContextHandler.java:1086) [jetty-all-server-8.1.19.v20160209.jar:8.1.19.v20160209]
	at org.eclipse.jetty.servlet.ServletHandler.doScope(ServletHandler.java:427) [jetty-all-server-8.1.19.v20160209.jar:8.1.19.v20160209]
	at org.eclipse.jetty.server.session.SessionHandler.doScope(SessionHandler.java:193) [jetty-all-server-8.1.19.v20160209.jar:8.1.19.v20160209]
	at org.eclipse.jetty.server.handler.ContextHandler.doScope(ContextHandler.java:1020) [jetty-all-server-8.1.19.v20160209.jar:8.1.19.v20160209]
	at org.eclipse.jetty.server.handler.ScopedHandler.handle(ScopedHandler.java:135) [jetty-all-server-8.1.19.v20160209.jar:8.1.19.v20160209]
	at org.eclipse.jetty.server.handler.HandlerList.handle(HandlerList.java:52) [jetty-all-server-8.1.19.v20160209.jar:8.1.19.v20160209]
	at org.eclipse.jetty.server.handler.HandlerWrapper.handle(HandlerWrapper.java:116) [jetty-all-server-8.1.19.v20160209.jar:8.1.19.v20160209]
	at org.eclipse.jetty.server.Server.handle(Server.java:370) [jetty-all-server-8.1.19.v20160209.jar:8.1.19.v20160209]
	at org.eclipse.jetty.server.AbstractHttpConnection.handleRequest(AbstractHttpConnection.java:494) [jetty-all-server-8.1.19.v20160209.jar:8.1.19.v20160209]
	at org.eclipse.jetty.server.AbstractHttpConnection.headerComplete(AbstractHttpConnection.java:973) [jetty-all-server-8.1.19.v20160209.jar:8.1.19.v20160209]
	at org.eclipse.jetty.server.AbstractHttpConnection$RequestHandler.headerComplete(AbstractHttpConnection.java:1035) [jetty-all-server-8.1.19.v20160209.jar:8.1.19.v20160209]
	at org.eclipse.jetty.http.HttpParser.parseNext(HttpParser.java:641) [jetty-all-server-8.1.19.v20160209.jar:8.1.19.v20160209]
	at org.eclipse.jetty.http.HttpParser.parseAvailable(HttpParser.java:231) [jetty-all-server-8.1.19.v20160209.jar:8.1.19.v20160209]
	at org.eclipse.jetty.server.AsyncHttpConnection.handle(AsyncHttpConnection.java:82) [jetty-all-server-8.1.19.v20160209.jar:8.1.19.v20160209]
	at org.eclipse.jetty.io.nio.SelectChannelEndPoint.handle(SelectChannelEndPoint.java:696) [jetty-all-server-8.1.19.v20160209.jar:8.1.19.v20160209]
	at org.eclipse.jetty.io.nio.SelectChannelEndPoint$1.run(SelectChannelEndPoint.java:53) [jetty-all-server-8.1.19.v20160209.jar:8.1.19.v20160209]
	at org.eclipse.jetty.util.thread.QueuedThreadPool.runJob(QueuedThreadPool.java:608) [jetty-all-server-8.1.19.v20160209.jar:8.1.19.v20160209]
	at org.eclipse.jetty.util.thread.QueuedThreadPool$3.run(QueuedThreadPool.java:543) [jetty-all-server-8.1.19.v20160209.jar:8.1.19.v20160209]
	at java.lang.Thread.run(Thread.java:748) [na:1.8.0_181]
[WARN ] 2018-09-04 18:19:40,947 --qtp1016363973-23-EventThread-- [org.apache.curator.ConnectionState] Session expired event received 
[WARN ] 2018-09-04 18:19:41,221 --qtp1016363973-23-EventThread-- [org.apache.curator.ConnectionState] Session expired event received 
[WARN ] 2018-09-04 18:30:56,215 --main-- [io.elasticjob.lite.lifecycle.security.WwwAuthFilter] Cannot found auth config file, use default auth config. 
[WARN ] 2018-09-04 18:30:56,216 --main-- [io.elasticjob.lite.lifecycle.security.WwwAuthFilter] Cannot found auth config file, use default auth config. 
[WARN ] 2018-09-04 18:30:56,258 --main-- [org.eclipse.jetty.util.component.AbstractLifeCycle] FAILED SelectChannelConnector@0.0.0.0:8899: java.net.BindException: Address already in use 
java.net.BindException: Address already in use
	at sun.nio.ch.Net.bind0(Native Method) ~[na:1.8.0_181]
	at sun.nio.ch.Net.bind(Net.java:433) ~[na:1.8.0_181]
	at sun.nio.ch.Net.bind(Net.java:425) ~[na:1.8.0_181]
	at sun.nio.ch.ServerSocketChannelImpl.bind(ServerSocketChannelImpl.java:223) ~[na:1.8.0_181]
	at sun.nio.ch.ServerSocketAdaptor.bind(ServerSocketAdaptor.java:74) ~[na:1.8.0_181]
	at org.eclipse.jetty.server.nio.SelectChannelConnector.open(SelectChannelConnector.java:187) ~[jetty-all-server-8.1.19.v20160209.jar:8.1.19.v20160209]
	at org.eclipse.jetty.server.AbstractConnector.doStart(AbstractConnector.java:316) ~[jetty-all-server-8.1.19.v20160209.jar:8.1.19.v20160209]
	at org.eclipse.jetty.server.nio.SelectChannelConnector.doStart(SelectChannelConnector.java:265) ~[jetty-all-server-8.1.19.v20160209.jar:8.1.19.v20160209]
	at org.eclipse.jetty.util.component.AbstractLifeCycle.start(AbstractLifeCycle.java:64) [jetty-all-server-8.1.19.v20160209.jar:8.1.19.v20160209]
	at org.eclipse.jetty.server.Server.doStart(Server.java:293) [jetty-all-server-8.1.19.v20160209.jar:8.1.19.v20160209]
	at org.eclipse.jetty.util.component.AbstractLifeCycle.start(AbstractLifeCycle.java:64) [jetty-all-server-8.1.19.v20160209.jar:8.1.19.v20160209]
	at io.elasticjob.lite.lifecycle.restful.RestfulServer.start(RestfulServer.java:84) [classes/:na]
	at io.elasticjob.lite.lifecycle.restful.RestfulServer.start(RestfulServer.java:62) [classes/:na]
	at io.elasticjob.lite.console.ConsoleBootstrap.main(ConsoleBootstrap.java:61) [classes/:na]
[WARN ] 2018-09-04 18:30:56,259 --main-- [org.eclipse.jetty.util.component.AbstractLifeCycle] FAILED org.eclipse.jetty.server.Server@7393222f: java.net.BindException: Address already in use 
java.net.BindException: Address already in use
	at sun.nio.ch.Net.bind0(Native Method) ~[na:1.8.0_181]
	at sun.nio.ch.Net.bind(Net.java:433) ~[na:1.8.0_181]
	at sun.nio.ch.Net.bind(Net.java:425) ~[na:1.8.0_181]
	at sun.nio.ch.ServerSocketChannelImpl.bind(ServerSocketChannelImpl.java:223) ~[na:1.8.0_181]
	at sun.nio.ch.ServerSocketAdaptor.bind(ServerSocketAdaptor.java:74) ~[na:1.8.0_181]
	at org.eclipse.jetty.server.nio.SelectChannelConnector.open(SelectChannelConnector.java:187) ~[jetty-all-server-8.1.19.v20160209.jar:8.1.19.v20160209]
	at org.eclipse.jetty.server.AbstractConnector.doStart(AbstractConnector.java:316) ~[jetty-all-server-8.1.19.v20160209.jar:8.1.19.v20160209]
	at org.eclipse.jetty.server.nio.SelectChannelConnector.doStart(SelectChannelConnector.java:265) ~[jetty-all-server-8.1.19.v20160209.jar:8.1.19.v20160209]
	at org.eclipse.jetty.util.component.AbstractLifeCycle.start(AbstractLifeCycle.java:64) ~[jetty-all-server-8.1.19.v20160209.jar:8.1.19.v20160209]
	at org.eclipse.jetty.server.Server.doStart(Server.java:293) ~[jetty-all-server-8.1.19.v20160209.jar:8.1.19.v20160209]
	at org.eclipse.jetty.util.component.AbstractLifeCycle.start(AbstractLifeCycle.java:64) ~[jetty-all-server-8.1.19.v20160209.jar:8.1.19.v20160209]
	at io.elasticjob.lite.lifecycle.restful.RestfulServer.start(RestfulServer.java:84) [classes/:na]
	at io.elasticjob.lite.lifecycle.restful.RestfulServer.start(RestfulServer.java:62) [classes/:na]
	at io.elasticjob.lite.console.ConsoleBootstrap.main(ConsoleBootstrap.java:61) [classes/:na]
[WARN ] 2018-09-04 18:31:13,737 --main-- [io.elasticjob.lite.lifecycle.security.WwwAuthFilter] Cannot found auth config file, use default auth config. 
[WARN ] 2018-09-04 18:31:13,738 --main-- [io.elasticjob.lite.lifecycle.security.WwwAuthFilter] Cannot found auth config file, use default auth config. 
[WARN ] 2018-09-04 18:31:13,789 --main-- [org.eclipse.jetty.util.component.AbstractLifeCycle] FAILED SelectChannelConnector@0.0.0.0:8899: java.net.BindException: Address already in use 
java.net.BindException: Address already in use
	at sun.nio.ch.Net.bind0(Native Method) ~[na:1.8.0_181]
	at sun.nio.ch.Net.bind(Net.java:433) ~[na:1.8.0_181]
	at sun.nio.ch.Net.bind(Net.java:425) ~[na:1.8.0_181]
	at sun.nio.ch.ServerSocketChannelImpl.bind(ServerSocketChannelImpl.java:223) ~[na:1.8.0_181]
	at sun.nio.ch.ServerSocketAdaptor.bind(ServerSocketAdaptor.java:74) ~[na:1.8.0_181]
	at org.eclipse.jetty.server.nio.SelectChannelConnector.open(SelectChannelConnector.java:187) ~[jetty-all-server-8.1.19.v20160209.jar:8.1.19.v20160209]
	at org.eclipse.jetty.server.AbstractConnector.doStart(AbstractConnector.java:316) ~[jetty-all-server-8.1.19.v20160209.jar:8.1.19.v20160209]
	at org.eclipse.jetty.server.nio.SelectChannelConnector.doStart(SelectChannelConnector.java:265) ~[jetty-all-server-8.1.19.v20160209.jar:8.1.19.v20160209]
	at org.eclipse.jetty.util.component.AbstractLifeCycle.start(AbstractLifeCycle.java:64) [jetty-all-server-8.1.19.v20160209.jar:8.1.19.v20160209]
	at org.eclipse.jetty.server.Server.doStart(Server.java:293) [jetty-all-server-8.1.19.v20160209.jar:8.1.19.v20160209]
	at org.eclipse.jetty.util.component.AbstractLifeCycle.start(AbstractLifeCycle.java:64) [jetty-all-server-8.1.19.v20160209.jar:8.1.19.v20160209]
	at io.elasticjob.lite.lifecycle.restful.RestfulServer.start(RestfulServer.java:84) [classes/:na]
	at io.elasticjob.lite.lifecycle.restful.RestfulServer.start(RestfulServer.java:62) [classes/:na]
	at io.elasticjob.lite.console.ConsoleBootstrap.main(ConsoleBootstrap.java:61) [classes/:na]
[WARN ] 2018-09-04 18:31:13,790 --main-- [org.eclipse.jetty.util.component.AbstractLifeCycle] FAILED org.eclipse.jetty.server.Server@7393222f: java.net.BindException: Address already in use 
java.net.BindException: Address already in use
	at sun.nio.ch.Net.bind0(Native Method) ~[na:1.8.0_181]
	at sun.nio.ch.Net.bind(Net.java:433) ~[na:1.8.0_181]
	at sun.nio.ch.Net.bind(Net.java:425) ~[na:1.8.0_181]
	at sun.nio.ch.ServerSocketChannelImpl.bind(ServerSocketChannelImpl.java:223) ~[na:1.8.0_181]
	at sun.nio.ch.ServerSocketAdaptor.bind(ServerSocketAdaptor.java:74) ~[na:1.8.0_181]
	at org.eclipse.jetty.server.nio.SelectChannelConnector.open(SelectChannelConnector.java:187) ~[jetty-all-server-8.1.19.v20160209.jar:8.1.19.v20160209]
	at org.eclipse.jetty.server.AbstractConnector.doStart(AbstractConnector.java:316) ~[jetty-all-server-8.1.19.v20160209.jar:8.1.19.v20160209]
	at org.eclipse.jetty.server.nio.SelectChannelConnector.doStart(SelectChannelConnector.java:265) ~[jetty-all-server-8.1.19.v20160209.jar:8.1.19.v20160209]
	at org.eclipse.jetty.util.component.AbstractLifeCycle.start(AbstractLifeCycle.java:64) ~[jetty-all-server-8.1.19.v20160209.jar:8.1.19.v20160209]
	at org.eclipse.jetty.server.Server.doStart(Server.java:293) ~[jetty-all-server-8.1.19.v20160209.jar:8.1.19.v20160209]
	at org.eclipse.jetty.util.component.AbstractLifeCycle.start(AbstractLifeCycle.java:64) ~[jetty-all-server-8.1.19.v20160209.jar:8.1.19.v20160209]
	at io.elasticjob.lite.lifecycle.restful.RestfulServer.start(RestfulServer.java:84) [classes/:na]
	at io.elasticjob.lite.lifecycle.restful.RestfulServer.start(RestfulServer.java:62) [classes/:na]
	at io.elasticjob.lite.console.ConsoleBootstrap.main(ConsoleBootstrap.java:61) [classes/:na]
[WARN ] 2018-09-04 18:31:55,312 --main-- [io.elasticjob.lite.lifecycle.security.WwwAuthFilter] Cannot found auth config file, use default auth config. 
[WARN ] 2018-09-04 18:31:55,313 --main-- [io.elasticjob.lite.lifecycle.security.WwwAuthFilter] Cannot found auth config file, use default auth config. 
[WARN ] 2018-09-04 18:31:55,384 --main-- [org.eclipse.jetty.util.component.AbstractLifeCycle] FAILED SelectChannelConnector@0.0.0.0:8899: java.net.BindException: Address already in use 
java.net.BindException: Address already in use
	at sun.nio.ch.Net.bind0(Native Method) ~[na:1.8.0_181]
	at sun.nio.ch.Net.bind(Net.java:433) ~[na:1.8.0_181]
	at sun.nio.ch.Net.bind(Net.java:425) ~[na:1.8.0_181]
	at sun.nio.ch.ServerSocketChannelImpl.bind(ServerSocketChannelImpl.java:223) ~[na:1.8.0_181]
	at sun.nio.ch.ServerSocketAdaptor.bind(ServerSocketAdaptor.java:74) ~[na:1.8.0_181]
	at org.eclipse.jetty.server.nio.SelectChannelConnector.open(SelectChannelConnector.java:187) ~[jetty-all-server-8.1.19.v20160209.jar:8.1.19.v20160209]
	at org.eclipse.jetty.server.AbstractConnector.doStart(AbstractConnector.java:316) ~[jetty-all-server-8.1.19.v20160209.jar:8.1.19.v20160209]
	at org.eclipse.jetty.server.nio.SelectChannelConnector.doStart(SelectChannelConnector.java:265) ~[jetty-all-server-8.1.19.v20160209.jar:8.1.19.v20160209]
	at org.eclipse.jetty.util.component.AbstractLifeCycle.start(AbstractLifeCycle.java:64) [jetty-all-server-8.1.19.v20160209.jar:8.1.19.v20160209]
	at org.eclipse.jetty.server.Server.doStart(Server.java:293) [jetty-all-server-8.1.19.v20160209.jar:8.1.19.v20160209]
	at org.eclipse.jetty.util.component.AbstractLifeCycle.start(AbstractLifeCycle.java:64) [jetty-all-server-8.1.19.v20160209.jar:8.1.19.v20160209]
	at io.elasticjob.lite.lifecycle.restful.RestfulServer.start(RestfulServer.java:84) [classes/:na]
	at io.elasticjob.lite.lifecycle.restful.RestfulServer.start(RestfulServer.java:62) [classes/:na]
	at io.elasticjob.lite.console.ConsoleBootstrap.main(ConsoleBootstrap.java:61) [classes/:na]
[WARN ] 2018-09-04 18:31:55,385 --main-- [org.eclipse.jetty.util.component.AbstractLifeCycle] FAILED org.eclipse.jetty.server.Server@7393222f: java.net.BindException: Address already in use 
java.net.BindException: Address already in use
	at sun.nio.ch.Net.bind0(Native Method) ~[na:1.8.0_181]
	at sun.nio.ch.Net.bind(Net.java:433) ~[na:1.8.0_181]
	at sun.nio.ch.Net.bind(Net.java:425) ~[na:1.8.0_181]
	at sun.nio.ch.ServerSocketChannelImpl.bind(ServerSocketChannelImpl.java:223) ~[na:1.8.0_181]
	at sun.nio.ch.ServerSocketAdaptor.bind(ServerSocketAdaptor.java:74) ~[na:1.8.0_181]
	at org.eclipse.jetty.server.nio.SelectChannelConnector.open(SelectChannelConnector.java:187) ~[jetty-all-server-8.1.19.v20160209.jar:8.1.19.v20160209]
	at org.eclipse.jetty.server.AbstractConnector.doStart(AbstractConnector.java:316) ~[jetty-all-server-8.1.19.v20160209.jar:8.1.19.v20160209]
	at org.eclipse.jetty.server.nio.SelectChannelConnector.doStart(SelectChannelConnector.java:265) ~[jetty-all-server-8.1.19.v20160209.jar:8.1.19.v20160209]
	at org.eclipse.jetty.util.component.AbstractLifeCycle.start(AbstractLifeCycle.java:64) ~[jetty-all-server-8.1.19.v20160209.jar:8.1.19.v20160209]
	at org.eclipse.jetty.server.Server.doStart(Server.java:293) ~[jetty-all-server-8.1.19.v20160209.jar:8.1.19.v20160209]
	at org.eclipse.jetty.util.component.AbstractLifeCycle.start(AbstractLifeCycle.java:64) ~[jetty-all-server-8.1.19.v20160209.jar:8.1.19.v20160209]
	at io.elasticjob.lite.lifecycle.restful.RestfulServer.start(RestfulServer.java:84) [classes/:na]
	at io.elasticjob.lite.lifecycle.restful.RestfulServer.start(RestfulServer.java:62) [classes/:na]
	at io.elasticjob.lite.console.ConsoleBootstrap.main(ConsoleBootstrap.java:61) [classes/:na]
[WARN ] 2018-09-04 18:33:34,038 --main-- [io.elasticjob.lite.lifecycle.security.WwwAuthFilter] Cannot found auth config file, use default auth config. 
[WARN ] 2018-09-04 18:33:34,039 --main-- [io.elasticjob.lite.lifecycle.security.WwwAuthFilter] Cannot found auth config file, use default auth config. 
[WARN ] 2018-09-04 19:03:41,826 --qtp1016363973-23-EventThread-- [org.apache.curator.ConnectionState] Session expired event received 
[WARN ] 2018-09-04 19:05:39,380 --qtp1016363973-23-EventThread-- [org.apache.curator.ConnectionState] Session expired event received 
[WARN ] 2018-09-04 20:06:01,546 --qtp1016363973-23-EventThread-- [org.apache.curator.ConnectionState] Session expired event received 
[WARN ] 2018-09-04 20:45:50,973 --qtp1016363973-23-EventThread-- [org.apache.curator.ConnectionState] Session expired event received 
[WARN ] 2018-09-04 21:17:50,838 --qtp1016363973-23-EventThread-- [org.apache.curator.ConnectionState] Session expired event received 
[WARN ] 2018-09-04 21:49:45,702 --qtp1016363973-23-EventThread-- [org.apache.curator.ConnectionState] Session expired event received 
[WARN ] 2018-09-04 23:00:23,038 --qtp1016363973-23-EventThread-- [org.apache.curator.ConnectionState] Session expired event received 
